Determining if the __GLIBC__ exist failed with the following output:
Change Dir: /home/germansuh/DungeonAdventure/android-project/app/.cxx/Debug/373v5273/arm64-v8a/CMakeFiles/CMakeTmp

Run Build Command(s):/home/germansuh/Android/Sdk/cmake/3.22.1/bin/ninja cmTC_4bc9b && [1/2] Building C object CMakeFiles/cmTC_4bc9b.dir/CheckSymbolExists.c.o
FAILED: CMakeFiles/cmTC_4bc9b.dir/CheckSymbolExists.c.o 
/home/germansuh/Android/Sdk/ndk/25.2.9519653/toolchains/llvm/prebuilt/linux-x86_64/bin/clang --target=aarch64-none-linux-android21 --sysroot=/home/germansuh/Android/Sdk/ndk/25.2.9519653/toolchains/llvm/prebuilt/linux-x86_64/sysroot   -g -DANDROID -fdata-sections -ffunction-sections -funwind-tables -fstack-protector-strong -no-canonical-prefixes -D_FORTIFY_SOURCE=2 -Wformat -Werror=format-security   -fPIE -MD -MT CMakeFiles/cmTC_4bc9b.dir/CheckSymbolExists.c.o -MF CMakeFiles/cmTC_4bc9b.dir/CheckSymbolExists.c.o.d -o CMakeFiles/cmTC_4bc9b.dir/CheckSymbolExists.c.o -c /home/germansuh/DungeonAdventure/android-project/app/.cxx/Debug/373v5273/arm64-v8a/CMakeFiles/CMakeTmp/CheckSymbolExists.c
/home/germansuh/DungeonAdventure/android-project/app/.cxx/Debug/373v5273/arm64-v8a/CMakeFiles/CMakeTmp/CheckSymbolExists.c:8:19: error: use of undeclared identifier '__GLIBC__'
  return ((int*)(&__GLIBC__))[argc];
                  ^
1 error generated.
ninja: build stopped: subcommand failed.


File /home/germansuh/DungeonAdventure/android-project/app/.cxx/Debug/373v5273/arm64-v8a/CMakeFiles/CMakeTmp/CheckSymbolExists.c:
/* */
#include <stdlib.h>

int main(int argc, char** argv)
{
  (void)argv;
#ifndef __GLIBC__
  return ((int*)(&__GLIBC__))[argc];
#else
  (void)argc;
  return 0;
#endif
}
Performing C SOURCE FILE Test CHECK_CPU_ARCHITECTURE_X64 failed with the following output:
Change Dir: /home/germansuh/DungeonAdventure/android-project/app/.cxx/Debug/373v5273/arm64-v8a/CMakeFiles/CMakeTmp

Run Build Command(s):/home/germansuh/Android/Sdk/cmake/3.22.1/bin/ninja cmTC_49ce3 && [1/2] Building C object CMakeFiles/cmTC_49ce3.dir/src.c.o
FAILED: CMakeFiles/cmTC_49ce3.dir/src.c.o 
/home/germansuh/Android/Sdk/ndk/25.2.9519653/toolchains/llvm/prebuilt/linux-x86_64/bin/clang --target=aarch64-none-linux-android21 --sysroot=/home/germansuh/Android/Sdk/ndk/25.2.9519653/toolchains/llvm/prebuilt/linux-x86_64/sysroot -DCHECK_CPU_ARCHITECTURE_X64  -g -DANDROID -fdata-sections -ffunction-sections -funwind-tables -fstack-protector-strong -no-canonical-prefixes -D_FORTIFY_SOURCE=2 -Wformat -Werror=format-security   -fPIE -MD -MT CMakeFiles/cmTC_49ce3.dir/src.c.o -MF CMakeFiles/cmTC_49ce3.dir/src.c.o.d -o CMakeFiles/cmTC_49ce3.dir/src.c.o -c /home/germansuh/DungeonAdventure/android-project/app/.cxx/Debug/373v5273/arm64-v8a/CMakeFiles/CMakeTmp/src.c
/home/germansuh/DungeonAdventure/android-project/app/.cxx/Debug/373v5273/arm64-v8a/CMakeFiles/CMakeTmp/src.c:6:3: error: use of undeclared identifier 'choke'
  choke
  ^
1 error generated.
ninja: build stopped: subcommand failed.


Source file was:

int main(int argc, char *argv[]) {
#if defined(__amd64__) || defined(__amd64) || defined(__x86_64__) || defined(__x86_64) || defined(_M_X64) || defined(_M_AMD64)
  return 0;
#else
  choke
#endif
}

Performing C SOURCE FILE Test CHECK_CPU_ARCHITECTURE_X86 failed with the following output:
Change Dir: /home/germansuh/DungeonAdventure/android-project/app/.cxx/Debug/373v5273/arm64-v8a/CMakeFiles/CMakeTmp

Run Build Command(s):/home/germansuh/Android/Sdk/cmake/3.22.1/bin/ninja cmTC_8815e && [1/2] Building C object CMakeFiles/cmTC_8815e.dir/src.c.o
FAILED: CMakeFiles/cmTC_8815e.dir/src.c.o 
/home/germansuh/Android/Sdk/ndk/25.2.9519653/toolchains/llvm/prebuilt/linux-x86_64/bin/clang --target=aarch64-none-linux-android21 --sysroot=/home/germansuh/Android/Sdk/ndk/25.2.9519653/toolchains/llvm/prebuilt/linux-x86_64/sysroot -DCHECK_CPU_ARCHITECTURE_X86  -g -DANDROID -fdata-sections -ffunction-sections -funwind-tables -fstack-protector-strong -no-canonical-prefixes -D_FORTIFY_SOURCE=2 -Wformat -Werror=format-security   -fPIE -MD -MT CMakeFiles/cmTC_8815e.dir/src.c.o -MF CMakeFiles/cmTC_8815e.dir/src.c.o.d -o CMakeFiles/cmTC_8815e.dir/src.c.o -c /home/germansuh/DungeonAdventure/android-project/app/.cxx/Debug/373v5273/arm64-v8a/CMakeFiles/CMakeTmp/src.c
/home/germansuh/DungeonAdventure/android-project/app/.cxx/Debug/373v5273/arm64-v8a/CMakeFiles/CMakeTmp/src.c:6:3: error: use of undeclared identifier 'choke'
  choke
  ^
1 error generated.
ninja: build stopped: subcommand failed.


Source file was:

int main(int argc, char *argv[]) {
#if defined(__i386__) || defined(__i486__) || defined(__i586__) || defined(__i686__) ||defined( __i386) || defined(_M_IX86)
  return 0;
#else
  choke
#endif
}

Determining if the include file libunwind.h exists failed with the following output:
Change Dir: /home/germansuh/DungeonAdventure/android-project/app/.cxx/Debug/373v5273/arm64-v8a/CMakeFiles/CMakeTmp

Run Build Command(s):/home/germansuh/Android/Sdk/cmake/3.22.1/bin/ninja cmTC_dde65 && [1/2] Building C object CMakeFiles/cmTC_dde65.dir/CheckIncludeFile.c.o
FAILED: CMakeFiles/cmTC_dde65.dir/CheckIncludeFile.c.o 
/home/germansuh/Android/Sdk/ndk/25.2.9519653/toolchains/llvm/prebuilt/linux-x86_64/bin/clang --target=aarch64-none-linux-android21 --sysroot=/home/germansuh/Android/Sdk/ndk/25.2.9519653/toolchains/llvm/prebuilt/linux-x86_64/sysroot   -g -DANDROID -fdata-sections -ffunction-sections -funwind-tables -fstack-protector-strong -no-canonical-prefixes -D_FORTIFY_SOURCE=2 -Wformat -Werror=format-security   -D_GNU_SOURCE=1 -fPIE -MD -MT CMakeFiles/cmTC_dde65.dir/CheckIncludeFile.c.o -MF CMakeFiles/cmTC_dde65.dir/CheckIncludeFile.c.o.d -o CMakeFiles/cmTC_dde65.dir/CheckIncludeFile.c.o -c /home/germansuh/DungeonAdventure/android-project/app/.cxx/Debug/373v5273/arm64-v8a/CMakeFiles/CMakeTmp/CheckIncludeFile.c
/home/germansuh/DungeonAdventure/android-project/app/.cxx/Debug/373v5273/arm64-v8a/CMakeFiles/CMakeTmp/CheckIncludeFile.c:1:10: fatal error: 'libunwind.h' file not found
#include <libunwind.h>
         ^~~~~~~~~~~~~
1 error generated.
ninja: build stopped: subcommand failed.



Determining if the _strrev exist failed with the following output:
Change Dir: /home/germansuh/DungeonAdventure/android-project/app/.cxx/Debug/373v5273/arm64-v8a/CMakeFiles/CMakeTmp

Run Build Command(s):/home/germansuh/Android/Sdk/cmake/3.22.1/bin/ninja cmTC_395fd && [1/2] Building C object CMakeFiles/cmTC_395fd.dir/CheckSymbolExists.c.o
FAILED: CMakeFiles/cmTC_395fd.dir/CheckSymbolExists.c.o 
/home/germansuh/Android/Sdk/ndk/25.2.9519653/toolchains/llvm/prebuilt/linux-x86_64/bin/clang --target=aarch64-none-linux-android21 --sysroot=/home/germansuh/Android/Sdk/ndk/25.2.9519653/toolchains/llvm/prebuilt/linux-x86_64/sysroot   -g -DANDROID -fdata-sections -ffunction-sections -funwind-tables -fstack-protector-strong -no-canonical-prefixes -D_FORTIFY_SOURCE=2 -Wformat -Werror=format-security   -D_GNU_SOURCE=1 -fPIE -MD -MT CMakeFiles/cmTC_395fd.dir/CheckSymbolExists.c.o -MF CMakeFiles/cmTC_395fd.dir/CheckSymbolExists.c.o.d -o CMakeFiles/cmTC_395fd.dir/CheckSymbolExists.c.o -c /home/germansuh/DungeonAdventure/android-project/app/.cxx/Debug/373v5273/arm64-v8a/CMakeFiles/CMakeTmp/CheckSymbolExists.c
/home/germansuh/DungeonAdventure/android-project/app/.cxx/Debug/373v5273/arm64-v8a/CMakeFiles/CMakeTmp/CheckSymbolExists.c:14:19: error: use of undeclared identifier '_strrev'; did you mean 'strsep'?
  return ((int*)(&_strrev))[argc];
                  ^~~~~~~
                  strsep
/home/germansuh/Android/Sdk/ndk/25.2.9519653/toolchains/llvm/prebuilt/linux-x86_64/sysroot/usr/include/string.h:150:7: note: 'strsep' declared here
char* strsep(char** __s_ptr, const char* __delimiter);
      ^
1 error generated.
ninja: build stopped: subcommand failed.


File /home/germansuh/DungeonAdventure/android-project/app/.cxx/Debug/373v5273/arm64-v8a/CMakeFiles/CMakeTmp/CheckSymbolExists.c:
/* */
#include <stddef.h>
#include <stdarg.h>
#include <stdlib.h>
#include <string.h>
#include <stdio.h>
#include <wchar.h>
#include <float.h>

int main(int argc, char** argv)
{
  (void)argv;
#ifndef _strrev
  return ((int*)(&_strrev))[argc];
#else
  (void)argc;
  return 0;
#endif
}
Determining if the _strupr exist failed with the following output:
Change Dir: /home/germansuh/DungeonAdventure/android-project/app/.cxx/Debug/373v5273/arm64-v8a/CMakeFiles/CMakeTmp

Run Build Command(s):/home/germansuh/Android/Sdk/cmake/3.22.1/bin/ninja cmTC_b9f52 && [1/2] Building C object CMakeFiles/cmTC_b9f52.dir/CheckSymbolExists.c.o
FAILED: CMakeFiles/cmTC_b9f52.dir/CheckSymbolExists.c.o 
/home/germansuh/Android/Sdk/ndk/25.2.9519653/toolchains/llvm/prebuilt/linux-x86_64/bin/clang --target=aarch64-none-linux-android21 --sysroot=/home/germansuh/Android/Sdk/ndk/25.2.9519653/toolchains/llvm/prebuilt/linux-x86_64/sysroot   -g -DANDROID -fdata-sections -ffunction-sections -funwind-tables -fstack-protector-strong -no-canonical-prefixes -D_FORTIFY_SOURCE=2 -Wformat -Werror=format-security   -D_GNU_SOURCE=1 -fPIE -MD -MT CMakeFiles/cmTC_b9f52.dir/CheckSymbolExists.c.o -MF CMakeFiles/cmTC_b9f52.dir/CheckSymbolExists.c.o.d -o CMakeFiles/cmTC_b9f52.dir/CheckSymbolExists.c.o -c /home/germansuh/DungeonAdventure/android-project/app/.cxx/Debug/373v5273/arm64-v8a/CMakeFiles/CMakeTmp/CheckSymbolExists.c
/home/germansuh/DungeonAdventure/android-project/app/.cxx/Debug/373v5273/arm64-v8a/CMakeFiles/CMakeTmp/CheckSymbolExists.c:14:19: error: use of undeclared identifier '_strupr'
  return ((int*)(&_strupr))[argc];
                  ^
1 error generated.
ninja: build stopped: subcommand failed.


File /home/germansuh/DungeonAdventure/android-project/app/.cxx/Debug/373v5273/arm64-v8a/CMakeFiles/CMakeTmp/CheckSymbolExists.c:
/* */
#include <stddef.h>
#include <stdarg.h>
#include <stdlib.h>
#include <string.h>
#include <stdio.h>
#include <wchar.h>
#include <float.h>

int main(int argc, char** argv)
{
  (void)argv;
#ifndef _strupr
  return ((int*)(&_strupr))[argc];
#else
  (void)argc;
  return 0;
#endif
}
Determining if the _strlwr exist failed with the following output:
Change Dir: /home/germansuh/DungeonAdventure/android-project/app/.cxx/Debug/373v5273/arm64-v8a/CMakeFiles/CMakeTmp

Run Build Command(s):/home/germansuh/Android/Sdk/cmake/3.22.1/bin/ninja cmTC_dddf2 && [1/2] Building C object CMakeFiles/cmTC_dddf2.dir/CheckSymbolExists.c.o
FAILED: CMakeFiles/cmTC_dddf2.dir/CheckSymbolExists.c.o 
/home/germansuh/Android/Sdk/ndk/25.2.9519653/toolchains/llvm/prebuilt/linux-x86_64/bin/clang --target=aarch64-none-linux-android21 --sysroot=/home/germansuh/Android/Sdk/ndk/25.2.9519653/toolchains/llvm/prebuilt/linux-x86_64/sysroot   -g -DANDROID -fdata-sections -ffunction-sections -funwind-tables -fstack-protector-strong -no-canonical-prefixes -D_FORTIFY_SOURCE=2 -Wformat -Werror=format-security   -D_GNU_SOURCE=1 -fPIE -MD -MT CMakeFiles/cmTC_dddf2.dir/CheckSymbolExists.c.o -MF CMakeFiles/cmTC_dddf2.dir/CheckSymbolExists.c.o.d -o CMakeFiles/cmTC_dddf2.dir/CheckSymbolExists.c.o -c /home/germansuh/DungeonAdventure/android-project/app/.cxx/Debug/373v5273/arm64-v8a/CMakeFiles/CMakeTmp/CheckSymbolExists.c
/home/germansuh/DungeonAdventure/android-project/app/.cxx/Debug/373v5273/arm64-v8a/CMakeFiles/CMakeTmp/CheckSymbolExists.c:14:19: error: use of undeclared identifier '_strlwr'; did you mean 'strstr'?
  return ((int*)(&_strlwr))[argc];
                  ^~~~~~~
                  strstr
/home/germansuh/Android/Sdk/ndk/25.2.9519653/toolchains/llvm/prebuilt/linux-x86_64/sysroot/usr/include/string.h:112:7: note: 'strstr' declared here
char* strstr(const char* __haystack, const char* __needle) __attribute_pure__;
      ^
1 error generated.
ninja: build stopped: subcommand failed.


File /home/germansuh/DungeonAdventure/android-project/app/.cxx/Debug/373v5273/arm64-v8a/CMakeFiles/CMakeTmp/CheckSymbolExists.c:
/* */
#include <stddef.h>
#include <stdarg.h>
#include <stdlib.h>
#include <string.h>
#include <stdio.h>
#include <wchar.h>
#include <float.h>

int main(int argc, char** argv)
{
  (void)argv;
#ifndef _strlwr
  return ((int*)(&_strlwr))[argc];
#else
  (void)argc;
  return 0;
#endif
}
Determining if the index exist failed with the following output:
Change Dir: /home/germansuh/DungeonAdventure/android-project/app/.cxx/Debug/373v5273/arm64-v8a/CMakeFiles/CMakeTmp

Run Build Command(s):/home/germansuh/Android/Sdk/cmake/3.22.1/bin/ninja cmTC_8988b && [1/2] Building C object CMakeFiles/cmTC_8988b.dir/CheckSymbolExists.c.o
/home/germansuh/DungeonAdventure/android-project/app/.cxx/Debug/373v5273/arm64-v8a/CMakeFiles/CMakeTmp/CheckSymbolExists.c:14:19: warning: implicitly declaring library function 'index' with type 'char *(const char *, int)' [-Wimplicit-function-declaration]
  return ((int*)(&index))[argc];
                  ^
/home/germansuh/DungeonAdventure/android-project/app/.cxx/Debug/373v5273/arm64-v8a/CMakeFiles/CMakeTmp/CheckSymbolExists.c:14:19: note: include the header <strings.h> or explicitly provide a declaration for 'index'
1 warning generated.
[2/2] Linking C executable cmTC_8988b
FAILED: cmTC_8988b 
: && /home/germansuh/Android/Sdk/ndk/25.2.9519653/toolchains/llvm/prebuilt/linux-x86_64/bin/clang --target=aarch64-none-linux-android21 --sysroot=/home/germansuh/Android/Sdk/ndk/25.2.9519653/toolchains/llvm/prebuilt/linux-x86_64/sysroot -g -DANDROID -fdata-sections -ffunction-sections -funwind-tables -fstack-protector-strong -no-canonical-prefixes -D_FORTIFY_SOURCE=2 -Wformat -Werror=format-security   -D_GNU_SOURCE=1 -Wl,--build-id=sha1 -Wl,--no-rosegment -Wl,--fatal-warnings -Wl,--no-undefined -Qunused-arguments CMakeFiles/cmTC_8988b.dir/CheckSymbolExists.c.o -o cmTC_8988b  -latomic -lm && :
ld: error: undefined symbol: index
>>> referenced by CheckSymbolExists.c:0
>>>               CMakeFiles/cmTC_8988b.dir/CheckSymbolExists.c.o:(main)
>>> referenced by CheckSymbolExists.c:0
>>>               CMakeFiles/cmTC_8988b.dir/CheckSymbolExists.c.o:(main)
clang: error: linker command failed with exit code 1 (use -v to see invocation)
ninja: build stopped: subcommand failed.


File /home/germansuh/DungeonAdventure/android-project/app/.cxx/Debug/373v5273/arm64-v8a/CMakeFiles/CMakeTmp/CheckSymbolExists.c:
/* */
#include <stddef.h>
#include <stdarg.h>
#include <stdlib.h>
#include <string.h>
#include <stdio.h>
#include <wchar.h>
#include <float.h>

int main(int argc, char** argv)
{
  (void)argv;
#ifndef index
  return ((int*)(&index))[argc];
#else
  (void)argc;
  return 0;
#endif
}
Determining if the rindex exist failed with the following output:
Change Dir: /home/germansuh/DungeonAdventure/android-project/app/.cxx/Debug/373v5273/arm64-v8a/CMakeFiles/CMakeTmp

Run Build Command(s):/home/germansuh/Android/Sdk/cmake/3.22.1/bin/ninja cmTC_291e8 && [1/2] Building C object CMakeFiles/cmTC_291e8.dir/CheckSymbolExists.c.o
/home/germansuh/DungeonAdventure/android-project/app/.cxx/Debug/373v5273/arm64-v8a/CMakeFiles/CMakeTmp/CheckSymbolExists.c:14:19: warning: implicitly declaring library function 'rindex' with type 'char *(const char *, int)' [-Wimplicit-function-declaration]
  return ((int*)(&rindex))[argc];
                  ^
/home/germansuh/DungeonAdventure/android-project/app/.cxx/Debug/373v5273/arm64-v8a/CMakeFiles/CMakeTmp/CheckSymbolExists.c:14:19: note: include the header <strings.h> or explicitly provide a declaration for 'rindex'
1 warning generated.
[2/2] Linking C executable cmTC_291e8
FAILED: cmTC_291e8 
: && /home/germansuh/Android/Sdk/ndk/25.2.9519653/toolchains/llvm/prebuilt/linux-x86_64/bin/clang --target=aarch64-none-linux-android21 --sysroot=/home/germansuh/Android/Sdk/ndk/25.2.9519653/toolchains/llvm/prebuilt/linux-x86_64/sysroot -g -DANDROID -fdata-sections -ffunction-sections -funwind-tables -fstack-protector-strong -no-canonical-prefixes -D_FORTIFY_SOURCE=2 -Wformat -Werror=format-security   -D_GNU_SOURCE=1 -Wl,--build-id=sha1 -Wl,--no-rosegment -Wl,--fatal-warnings -Wl,--no-undefined -Qunused-arguments CMakeFiles/cmTC_291e8.dir/CheckSymbolExists.c.o -o cmTC_291e8  -latomic -lm && :
ld: error: undefined symbol: rindex
>>> referenced by CheckSymbolExists.c:0
>>>               CMakeFiles/cmTC_291e8.dir/CheckSymbolExists.c.o:(main)
>>> referenced by CheckSymbolExists.c:0
>>>               CMakeFiles/cmTC_291e8.dir/CheckSymbolExists.c.o:(main)
clang: error: linker command failed with exit code 1 (use -v to see invocation)
ninja: build stopped: subcommand failed.


File /home/germansuh/DungeonAdventure/android-project/app/.cxx/Debug/373v5273/arm64-v8a/CMakeFiles/CMakeTmp/CheckSymbolExists.c:
/* */
#include <stddef.h>
#include <stdarg.h>
#include <stdlib.h>
#include <string.h>
#include <stdio.h>
#include <wchar.h>
#include <float.h>

int main(int argc, char** argv)
{
  (void)argv;
#ifndef rindex
  return ((int*)(&rindex))[argc];
#else
  (void)argc;
  return 0;
#endif
}
Determining if the itoa exist failed with the following output:
Change Dir: /home/germansuh/DungeonAdventure/android-project/app/.cxx/Debug/373v5273/arm64-v8a/CMakeFiles/CMakeTmp

Run Build Command(s):/home/germansuh/Android/Sdk/cmake/3.22.1/bin/ninja cmTC_7bc9c && [1/2] Building C object CMakeFiles/cmTC_7bc9c.dir/CheckSymbolExists.c.o
FAILED: CMakeFiles/cmTC_7bc9c.dir/CheckSymbolExists.c.o 
/home/germansuh/Android/Sdk/ndk/25.2.9519653/toolchains/llvm/prebuilt/linux-x86_64/bin/clang --target=aarch64-none-linux-android21 --sysroot=/home/germansuh/Android/Sdk/ndk/25.2.9519653/toolchains/llvm/prebuilt/linux-x86_64/sysroot   -g -DANDROID -fdata-sections -ffunction-sections -funwind-tables -fstack-protector-strong -no-canonical-prefixes -D_FORTIFY_SOURCE=2 -Wformat -Werror=format-security   -D_GNU_SOURCE=1 -fPIE -MD -MT CMakeFiles/cmTC_7bc9c.dir/CheckSymbolExists.c.o -MF CMakeFiles/cmTC_7bc9c.dir/CheckSymbolExists.c.o.d -o CMakeFiles/cmTC_7bc9c.dir/CheckSymbolExists.c.o -c /home/germansuh/DungeonAdventure/android-project/app/.cxx/Debug/373v5273/arm64-v8a/CMakeFiles/CMakeTmp/CheckSymbolExists.c
/home/germansuh/DungeonAdventure/android-project/app/.cxx/Debug/373v5273/arm64-v8a/CMakeFiles/CMakeTmp/CheckSymbolExists.c:14:19: error: use of undeclared identifier 'itoa'
  return ((int*)(&itoa))[argc];
                  ^
1 error generated.
ninja: build stopped: subcommand failed.


File /home/germansuh/DungeonAdventure/android-project/app/.cxx/Debug/373v5273/arm64-v8a/CMakeFiles/CMakeTmp/CheckSymbolExists.c:
/* */
#include <stddef.h>
#include <stdarg.h>
#include <stdlib.h>
#include <string.h>
#include <stdio.h>
#include <wchar.h>
#include <float.h>

int main(int argc, char** argv)
{
  (void)argv;
#ifndef itoa
  return ((int*)(&itoa))[argc];
#else
  (void)argc;
  return 0;
#endif
}
Determining if the _ltoa exist failed with the following output:
Change Dir: /home/germansuh/DungeonAdventure/android-project/app/.cxx/Debug/373v5273/arm64-v8a/CMakeFiles/CMakeTmp

Run Build Command(s):/home/germansuh/Android/Sdk/cmake/3.22.1/bin/ninja cmTC_56ba5 && [1/2] Building C object CMakeFiles/cmTC_56ba5.dir/CheckSymbolExists.c.o
FAILED: CMakeFiles/cmTC_56ba5.dir/CheckSymbolExists.c.o 
/home/germansuh/Android/Sdk/ndk/25.2.9519653/toolchains/llvm/prebuilt/linux-x86_64/bin/clang --target=aarch64-none-linux-android21 --sysroot=/home/germansuh/Android/Sdk/ndk/25.2.9519653/toolchains/llvm/prebuilt/linux-x86_64/sysroot   -g -DANDROID -fdata-sections -ffunction-sections -funwind-tables -fstack-protector-strong -no-canonical-prefixes -D_FORTIFY_SOURCE=2 -Wformat -Werror=format-security   -D_GNU_SOURCE=1 -fPIE -MD -MT CMakeFiles/cmTC_56ba5.dir/CheckSymbolExists.c.o -MF CMakeFiles/cmTC_56ba5.dir/CheckSymbolExists.c.o.d -o CMakeFiles/cmTC_56ba5.dir/CheckSymbolExists.c.o -c /home/germansuh/DungeonAdventure/android-project/app/.cxx/Debug/373v5273/arm64-v8a/CMakeFiles/CMakeTmp/CheckSymbolExists.c
/home/germansuh/DungeonAdventure/android-project/app/.cxx/Debug/373v5273/arm64-v8a/CMakeFiles/CMakeTmp/CheckSymbolExists.c:14:19: error: use of undeclared identifier '_ltoa'
  return ((int*)(&_ltoa))[argc];
                  ^
1 error generated.
ninja: build stopped: subcommand failed.


File /home/germansuh/DungeonAdventure/android-project/app/.cxx/Debug/373v5273/arm64-v8a/CMakeFiles/CMakeTmp/CheckSymbolExists.c:
/* */
#include <stddef.h>
#include <stdarg.h>
#include <stdlib.h>
#include <string.h>
#include <stdio.h>
#include <wchar.h>
#include <float.h>

int main(int argc, char** argv)
{
  (void)argv;
#ifndef _ltoa
  return ((int*)(&_ltoa))[argc];
#else
  (void)argc;
  return 0;
#endif
}
Determining if the _uitoa exist failed with the following output:
Change Dir: /home/germansuh/DungeonAdventure/android-project/app/.cxx/Debug/373v5273/arm64-v8a/CMakeFiles/CMakeTmp

Run Build Command(s):/home/germansuh/Android/Sdk/cmake/3.22.1/bin/ninja cmTC_a12f7 && [1/2] Building C object CMakeFiles/cmTC_a12f7.dir/CheckSymbolExists.c.o
FAILED: CMakeFiles/cmTC_a12f7.dir/CheckSymbolExists.c.o 
/home/germansuh/Android/Sdk/ndk/25.2.9519653/toolchains/llvm/prebuilt/linux-x86_64/bin/clang --target=aarch64-none-linux-android21 --sysroot=/home/germansuh/Android/Sdk/ndk/25.2.9519653/toolchains/llvm/prebuilt/linux-x86_64/sysroot   -g -DANDROID -fdata-sections -ffunction-sections -funwind-tables -fstack-protector-strong -no-canonical-prefixes -D_FORTIFY_SOURCE=2 -Wformat -Werror=format-security   -D_GNU_SOURCE=1 -fPIE -MD -MT CMakeFiles/cmTC_a12f7.dir/CheckSymbolExists.c.o -MF CMakeFiles/cmTC_a12f7.dir/CheckSymbolExists.c.o.d -o CMakeFiles/cmTC_a12f7.dir/CheckSymbolExists.c.o -c /home/germansuh/DungeonAdventure/android-project/app/.cxx/Debug/373v5273/arm64-v8a/CMakeFiles/CMakeTmp/CheckSymbolExists.c
/home/germansuh/DungeonAdventure/android-project/app/.cxx/Debug/373v5273/arm64-v8a/CMakeFiles/CMakeTmp/CheckSymbolExists.c:14:19: error: use of undeclared identifier '_uitoa'
  return ((int*)(&_uitoa))[argc];
                  ^
1 error generated.
ninja: build stopped: subcommand failed.


File /home/germansuh/DungeonAdventure/android-project/app/.cxx/Debug/373v5273/arm64-v8a/CMakeFiles/CMakeTmp/CheckSymbolExists.c:
/* */
#include <stddef.h>
#include <stdarg.h>
#include <stdlib.h>
#include <string.h>
#include <stdio.h>
#include <wchar.h>
#include <float.h>

int main(int argc, char** argv)
{
  (void)argv;
#ifndef _uitoa
  return ((int*)(&_uitoa))[argc];
#else
  (void)argc;
  return 0;
#endif
}
Determining if the _ultoa exist failed with the following output:
Change Dir: /home/germansuh/DungeonAdventure/android-project/app/.cxx/Debug/373v5273/arm64-v8a/CMakeFiles/CMakeTmp

Run Build Command(s):/home/germansuh/Android/Sdk/cmake/3.22.1/bin/ninja cmTC_abe2d && [1/2] Building C object CMakeFiles/cmTC_abe2d.dir/CheckSymbolExists.c.o
FAILED: CMakeFiles/cmTC_abe2d.dir/CheckSymbolExists.c.o 
/home/germansuh/Android/Sdk/ndk/25.2.9519653/toolchains/llvm/prebuilt/linux-x86_64/bin/clang --target=aarch64-none-linux-android21 --sysroot=/home/germansuh/Android/Sdk/ndk/25.2.9519653/toolchains/llvm/prebuilt/linux-x86_64/sysroot   -g -DANDROID -fdata-sections -ffunction-sections -funwind-tables -fstack-protector-strong -no-canonical-prefixes -D_FORTIFY_SOURCE=2 -Wformat -Werror=format-security   -D_GNU_SOURCE=1 -fPIE -MD -MT CMakeFiles/cmTC_abe2d.dir/CheckSymbolExists.c.o -MF CMakeFiles/cmTC_abe2d.dir/CheckSymbolExists.c.o.d -o CMakeFiles/cmTC_abe2d.dir/CheckSymbolExists.c.o -c /home/germansuh/DungeonAdventure/android-project/app/.cxx/Debug/373v5273/arm64-v8a/CMakeFiles/CMakeTmp/CheckSymbolExists.c
/home/germansuh/DungeonAdventure/android-project/app/.cxx/Debug/373v5273/arm64-v8a/CMakeFiles/CMakeTmp/CheckSymbolExists.c:14:19: error: use of undeclared identifier '_ultoa'
  return ((int*)(&_ultoa))[argc];
                  ^
1 error generated.
ninja: build stopped: subcommand failed.


File /home/germansuh/DungeonAdventure/android-project/app/.cxx/Debug/373v5273/arm64-v8a/CMakeFiles/CMakeTmp/CheckSymbolExists.c:
/* */
#include <stddef.h>
#include <stdarg.h>
#include <stdlib.h>
#include <string.h>
#include <stdio.h>
#include <wchar.h>
#include <float.h>

int main(int argc, char** argv)
{
  (void)argv;
#ifndef _ultoa
  return ((int*)(&_ultoa))[argc];
#else
  (void)argc;
  return 0;
#endif
}
Determining if the _i64toa exist failed with the following output:
Change Dir: /home/germansuh/DungeonAdventure/android-project/app/.cxx/Debug/373v5273/arm64-v8a/CMakeFiles/CMakeTmp

Run Build Command(s):/home/germansuh/Android/Sdk/cmake/3.22.1/bin/ninja cmTC_9aca5 && [1/2] Building C object CMakeFiles/cmTC_9aca5.dir/CheckSymbolExists.c.o
FAILED: CMakeFiles/cmTC_9aca5.dir/CheckSymbolExists.c.o 
/home/germansuh/Android/Sdk/ndk/25.2.9519653/toolchains/llvm/prebuilt/linux-x86_64/bin/clang --target=aarch64-none-linux-android21 --sysroot=/home/germansuh/Android/Sdk/ndk/25.2.9519653/toolchains/llvm/prebuilt/linux-x86_64/sysroot   -g -DANDROID -fdata-sections -ffunction-sections -funwind-tables -fstack-protector-strong -no-canonical-prefixes -D_FORTIFY_SOURCE=2 -Wformat -Werror=format-security   -D_GNU_SOURCE=1 -fPIE -MD -MT CMakeFiles/cmTC_9aca5.dir/CheckSymbolExists.c.o -MF CMakeFiles/cmTC_9aca5.dir/CheckSymbolExists.c.o.d -o CMakeFiles/cmTC_9aca5.dir/CheckSymbolExists.c.o -c /home/germansuh/DungeonAdventure/android-project/app/.cxx/Debug/373v5273/arm64-v8a/CMakeFiles/CMakeTmp/CheckSymbolExists.c
/home/germansuh/DungeonAdventure/android-project/app/.cxx/Debug/373v5273/arm64-v8a/CMakeFiles/CMakeTmp/CheckSymbolExists.c:14:19: error: use of undeclared identifier '_i64toa'
  return ((int*)(&_i64toa))[argc];
                  ^
1 error generated.
ninja: build stopped: subcommand failed.


File /home/germansuh/DungeonAdventure/android-project/app/.cxx/Debug/373v5273/arm64-v8a/CMakeFiles/CMakeTmp/CheckSymbolExists.c:
/* */
#include <stddef.h>
#include <stdarg.h>
#include <stdlib.h>
#include <string.h>
#include <stdio.h>
#include <wchar.h>
#include <float.h>

int main(int argc, char** argv)
{
  (void)argv;
#ifndef _i64toa
  return ((int*)(&_i64toa))[argc];
#else
  (void)argc;
  return 0;
#endif
}
Determining if the _ui64toa exist failed with the following output:
Change Dir: /home/germansuh/DungeonAdventure/android-project/app/.cxx/Debug/373v5273/arm64-v8a/CMakeFiles/CMakeTmp

Run Build Command(s):/home/germansuh/Android/Sdk/cmake/3.22.1/bin/ninja cmTC_146f0 && [1/2] Building C object CMakeFiles/cmTC_146f0.dir/CheckSymbolExists.c.o
FAILED: CMakeFiles/cmTC_146f0.dir/CheckSymbolExists.c.o 
/home/germansuh/Android/Sdk/ndk/25.2.9519653/toolchains/llvm/prebuilt/linux-x86_64/bin/clang --target=aarch64-none-linux-android21 --sysroot=/home/germansuh/Android/Sdk/ndk/25.2.9519653/toolchains/llvm/prebuilt/linux-x86_64/sysroot   -g -DANDROID -fdata-sections -ffunction-sections -funwind-tables -fstack-protector-strong -no-canonical-prefixes -D_FORTIFY_SOURCE=2 -Wformat -Werror=format-security   -D_GNU_SOURCE=1 -fPIE -MD -MT CMakeFiles/cmTC_146f0.dir/CheckSymbolExists.c.o -MF CMakeFiles/cmTC_146f0.dir/CheckSymbolExists.c.o.d -o CMakeFiles/cmTC_146f0.dir/CheckSymbolExists.c.o -c /home/germansuh/DungeonAdventure/android-project/app/.cxx/Debug/373v5273/arm64-v8a/CMakeFiles/CMakeTmp/CheckSymbolExists.c
/home/germansuh/DungeonAdventure/android-project/app/.cxx/Debug/373v5273/arm64-v8a/CMakeFiles/CMakeTmp/CheckSymbolExists.c:14:19: error: use of undeclared identifier '_ui64toa'
  return ((int*)(&_ui64toa))[argc];
                  ^
1 error generated.
ninja: build stopped: subcommand failed.


File /home/germansuh/DungeonAdventure/android-project/app/.cxx/Debug/373v5273/arm64-v8a/CMakeFiles/CMakeTmp/CheckSymbolExists.c:
/* */
#include <stddef.h>
#include <stdarg.h>
#include <stdlib.h>
#include <string.h>
#include <stdio.h>
#include <wchar.h>
#include <float.h>

int main(int argc, char** argv)
{
  (void)argv;
#ifndef _ui64toa
  return ((int*)(&_ui64toa))[argc];
#else
  (void)argc;
  return 0;
#endif
}
Determining if the _stricmp exist failed with the following output:
Change Dir: /home/germansuh/DungeonAdventure/android-project/app/.cxx/Debug/373v5273/arm64-v8a/CMakeFiles/CMakeTmp

Run Build Command(s):/home/germansuh/Android/Sdk/cmake/3.22.1/bin/ninja cmTC_418ac && [1/2] Building C object CMakeFiles/cmTC_418ac.dir/CheckSymbolExists.c.o
FAILED: CMakeFiles/cmTC_418ac.dir/CheckSymbolExists.c.o 
/home/germansuh/Android/Sdk/ndk/25.2.9519653/toolchains/llvm/prebuilt/linux-x86_64/bin/clang --target=aarch64-none-linux-android21 --sysroot=/home/germansuh/Android/Sdk/ndk/25.2.9519653/toolchains/llvm/prebuilt/linux-x86_64/sysroot   -g -DANDROID -fdata-sections -ffunction-sections -funwind-tables -fstack-protector-strong -no-canonical-prefixes -D_FORTIFY_SOURCE=2 -Wformat -Werror=format-security   -D_GNU_SOURCE=1 -fPIE -MD -MT CMakeFiles/cmTC_418ac.dir/CheckSymbolExists.c.o -MF CMakeFiles/cmTC_418ac.dir/CheckSymbolExists.c.o.d -o CMakeFiles/cmTC_418ac.dir/CheckSymbolExists.c.o -c /home/germansuh/DungeonAdventure/android-project/app/.cxx/Debug/373v5273/arm64-v8a/CMakeFiles/CMakeTmp/CheckSymbolExists.c
/home/germansuh/DungeonAdventure/android-project/app/.cxx/Debug/373v5273/arm64-v8a/CMakeFiles/CMakeTmp/CheckSymbolExists.c:14:19: error: use of undeclared identifier '_stricmp'
  return ((int*)(&_stricmp))[argc];
                  ^
1 error generated.
ninja: build stopped: subcommand failed.


File /home/germansuh/DungeonAdventure/android-project/app/.cxx/Debug/373v5273/arm64-v8a/CMakeFiles/CMakeTmp/CheckSymbolExists.c:
/* */
#include <stddef.h>
#include <stdarg.h>
#include <stdlib.h>
#include <string.h>
#include <stdio.h>
#include <wchar.h>
#include <float.h>

int main(int argc, char** argv)
{
  (void)argv;
#ifndef _stricmp
  return ((int*)(&_stricmp))[argc];
#else
  (void)argc;
  return 0;
#endif
}
Determining if the _strnicmp exist failed with the following output:
Change Dir: /home/germansuh/DungeonAdventure/android-project/app/.cxx/Debug/373v5273/arm64-v8a/CMakeFiles/CMakeTmp

Run Build Command(s):/home/germansuh/Android/Sdk/cmake/3.22.1/bin/ninja cmTC_5bf0f && [1/2] Building C object CMakeFiles/cmTC_5bf0f.dir/CheckSymbolExists.c.o
FAILED: CMakeFiles/cmTC_5bf0f.dir/CheckSymbolExists.c.o 
/home/germansuh/Android/Sdk/ndk/25.2.9519653/toolchains/llvm/prebuilt/linux-x86_64/bin/clang --target=aarch64-none-linux-android21 --sysroot=/home/germansuh/Android/Sdk/ndk/25.2.9519653/toolchains/llvm/prebuilt/linux-x86_64/sysroot   -g -DANDROID -fdata-sections -ffunction-sections -funwind-tables -fstack-protector-strong -no-canonical-prefixes -D_FORTIFY_SOURCE=2 -Wformat -Werror=format-security   -D_GNU_SOURCE=1 -fPIE -MD -MT CMakeFiles/cmTC_5bf0f.dir/CheckSymbolExists.c.o -MF CMakeFiles/cmTC_5bf0f.dir/CheckSymbolExists.c.o.d -o CMakeFiles/cmTC_5bf0f.dir/CheckSymbolExists.c.o -c /home/germansuh/DungeonAdventure/android-project/app/.cxx/Debug/373v5273/arm64-v8a/CMakeFiles/CMakeTmp/CheckSymbolExists.c
/home/germansuh/DungeonAdventure/android-project/app/.cxx/Debug/373v5273/arm64-v8a/CMakeFiles/CMakeTmp/CheckSymbolExists.c:14:19: error: use of undeclared identifier '_strnicmp'; did you mean 'strncmp'?
  return ((int*)(&_strnicmp))[argc];
                  ^~~~~~~~~
                  strncmp
/home/germansuh/Android/Sdk/ndk/25.2.9519653/toolchains/llvm/prebuilt/linux-x86_64/sysroot/usr/include/string.h:137:5: note: 'strncmp' declared here
int strncmp(const char* __lhs, const char* __rhs, size_t __n) __attribute_pure__;
    ^
1 error generated.
ninja: build stopped: subcommand failed.


File /home/germansuh/DungeonAdventure/android-project/app/.cxx/Debug/373v5273/arm64-v8a/CMakeFiles/CMakeTmp/CheckSymbolExists.c:
/* */
#include <stddef.h>
#include <stdarg.h>
#include <stdlib.h>
#include <string.h>
#include <stdio.h>
#include <wchar.h>
#include <float.h>

int main(int argc, char** argv)
{
  (void)argv;
#ifndef _strnicmp
  return ((int*)(&_strnicmp))[argc];
#else
  (void)argc;
  return 0;
#endif
}
Determining if the _wcsdup exist failed with the following output:
Change Dir: /home/germansuh/DungeonAdventure/android-project/app/.cxx/Debug/373v5273/arm64-v8a/CMakeFiles/CMakeTmp

Run Build Command(s):/home/germansuh/Android/Sdk/cmake/3.22.1/bin/ninja cmTC_f3a70 && [1/2] Building C object CMakeFiles/cmTC_f3a70.dir/CheckSymbolExists.c.o
FAILED: CMakeFiles/cmTC_f3a70.dir/CheckSymbolExists.c.o 
/home/germansuh/Android/Sdk/ndk/25.2.9519653/toolchains/llvm/prebuilt/linux-x86_64/bin/clang --target=aarch64-none-linux-android21 --sysroot=/home/germansuh/Android/Sdk/ndk/25.2.9519653/toolchains/llvm/prebuilt/linux-x86_64/sysroot   -g -DANDROID -fdata-sections -ffunction-sections -funwind-tables -fstack-protector-strong -no-canonical-prefixes -D_FORTIFY_SOURCE=2 -Wformat -Werror=format-security   -D_GNU_SOURCE=1 -fPIE -MD -MT CMakeFiles/cmTC_f3a70.dir/CheckSymbolExists.c.o -MF CMakeFiles/cmTC_f3a70.dir/CheckSymbolExists.c.o.d -o CMakeFiles/cmTC_f3a70.dir/CheckSymbolExists.c.o -c /home/germansuh/DungeonAdventure/android-project/app/.cxx/Debug/373v5273/arm64-v8a/CMakeFiles/CMakeTmp/CheckSymbolExists.c
/home/germansuh/DungeonAdventure/android-project/app/.cxx/Debug/373v5273/arm64-v8a/CMakeFiles/CMakeTmp/CheckSymbolExists.c:14:19: error: use of undeclared identifier '_wcsdup'; did you mean 'wcsdup'?
  return ((int*)(&_wcsdup))[argc];
                  ^~~~~~~
                  wcsdup
/home/germansuh/Android/Sdk/ndk/25.2.9519653/toolchains/llvm/prebuilt/linux-x86_64/sysroot/usr/include/wchar.h:208:10: note: 'wcsdup' declared here
wchar_t* wcsdup(const wchar_t* __s);
         ^
1 error generated.
ninja: build stopped: subcommand failed.


File /home/germansuh/DungeonAdventure/android-project/app/.cxx/Debug/373v5273/arm64-v8a/CMakeFiles/CMakeTmp/CheckSymbolExists.c:
/* */
#include <stddef.h>
#include <stdarg.h>
#include <stdlib.h>
#include <string.h>
#include <stdio.h>
#include <wchar.h>
#include <float.h>

int main(int argc, char** argv)
{
  (void)argv;
#ifndef _wcsdup
  return ((int*)(&_wcsdup))[argc];
#else
  (void)argc;
  return 0;
#endif
}
Determining if the _wcsicmp exist failed with the following output:
Change Dir: /home/germansuh/DungeonAdventure/android-project/app/.cxx/Debug/373v5273/arm64-v8a/CMakeFiles/CMakeTmp

Run Build Command(s):/home/germansuh/Android/Sdk/cmake/3.22.1/bin/ninja cmTC_01839 && [1/2] Building C object CMakeFiles/cmTC_01839.dir/CheckSymbolExists.c.o
FAILED: CMakeFiles/cmTC_01839.dir/CheckSymbolExists.c.o 
/home/germansuh/Android/Sdk/ndk/25.2.9519653/toolchains/llvm/prebuilt/linux-x86_64/bin/clang --target=aarch64-none-linux-android21 --sysroot=/home/germansuh/Android/Sdk/ndk/25.2.9519653/toolchains/llvm/prebuilt/linux-x86_64/sysroot   -g -DANDROID -fdata-sections -ffunction-sections -funwind-tables -fstack-protector-strong -no-canonical-prefixes -D_FORTIFY_SOURCE=2 -Wformat -Werror=format-security   -D_GNU_SOURCE=1 -fPIE -MD -MT CMakeFiles/cmTC_01839.dir/CheckSymbolExists.c.o -MF CMakeFiles/cmTC_01839.dir/CheckSymbolExists.c.o.d -o CMakeFiles/cmTC_01839.dir/CheckSymbolExists.c.o -c /home/germansuh/DungeonAdventure/android-project/app/.cxx/Debug/373v5273/arm64-v8a/CMakeFiles/CMakeTmp/CheckSymbolExists.c
/home/germansuh/DungeonAdventure/android-project/app/.cxx/Debug/373v5273/arm64-v8a/CMakeFiles/CMakeTmp/CheckSymbolExists.c:14:19: error: use of undeclared identifier '_wcsicmp'
  return ((int*)(&_wcsicmp))[argc];
                  ^
1 error generated.
ninja: build stopped: subcommand failed.


File /home/germansuh/DungeonAdventure/android-project/app/.cxx/Debug/373v5273/arm64-v8a/CMakeFiles/CMakeTmp/CheckSymbolExists.c:
/* */
#include <stddef.h>
#include <stdarg.h>
#include <stdlib.h>
#include <string.h>
#include <stdio.h>
#include <wchar.h>
#include <float.h>

int main(int argc, char** argv)
{
  (void)argv;
#ifndef _wcsicmp
  return ((int*)(&_wcsicmp))[argc];
#else
  (void)argc;
  return 0;
#endif
}
Determining if the _wcsnicmp exist failed with the following output:
Change Dir: /home/germansuh/DungeonAdventure/android-project/app/.cxx/Debug/373v5273/arm64-v8a/CMakeFiles/CMakeTmp

Run Build Command(s):/home/germansuh/Android/Sdk/cmake/3.22.1/bin/ninja cmTC_2c1e6 && [1/2] Building C object CMakeFiles/cmTC_2c1e6.dir/CheckSymbolExists.c.o
FAILED: CMakeFiles/cmTC_2c1e6.dir/CheckSymbolExists.c.o 
/home/germansuh/Android/Sdk/ndk/25.2.9519653/toolchains/llvm/prebuilt/linux-x86_64/bin/clang --target=aarch64-none-linux-android21 --sysroot=/home/germansuh/Android/Sdk/ndk/25.2.9519653/toolchains/llvm/prebuilt/linux-x86_64/sysroot   -g -DANDROID -fdata-sections -ffunction-sections -funwind-tables -fstack-protector-strong -no-canonical-prefixes -D_FORTIFY_SOURCE=2 -Wformat -Werror=format-security   -D_GNU_SOURCE=1 -fPIE -MD -MT CMakeFiles/cmTC_2c1e6.dir/CheckSymbolExists.c.o -MF CMakeFiles/cmTC_2c1e6.dir/CheckSymbolExists.c.o.d -o CMakeFiles/cmTC_2c1e6.dir/CheckSymbolExists.c.o -c /home/germansuh/DungeonAdventure/android-project/app/.cxx/Debug/373v5273/arm64-v8a/CMakeFiles/CMakeTmp/CheckSymbolExists.c
/home/germansuh/DungeonAdventure/android-project/app/.cxx/Debug/373v5273/arm64-v8a/CMakeFiles/CMakeTmp/CheckSymbolExists.c:14:19: error: use of undeclared identifier '_wcsnicmp'; did you mean 'wcsncmp'?
  return ((int*)(&_wcsnicmp))[argc];
                  ^~~~~~~~~
                  wcsncmp
/home/germansuh/Android/Sdk/ndk/25.2.9519653/toolchains/llvm/prebuilt/linux-x86_64/sysroot/usr/include/wchar.h:117:5: note: 'wcsncmp' declared here
int wcsncmp(const wchar_t* __lhs, const wchar_t* __rhs, size_t __n);
    ^
1 error generated.
ninja: build stopped: subcommand failed.


File /home/germansuh/DungeonAdventure/android-project/app/.cxx/Debug/373v5273/arm64-v8a/CMakeFiles/CMakeTmp/CheckSymbolExists.c:
/* */
#include <stddef.h>
#include <stdarg.h>
#include <stdlib.h>
#include <string.h>
#include <stdio.h>
#include <wchar.h>
#include <float.h>

int main(int argc, char** argv)
{
  (void)argv;
#ifndef _wcsnicmp
  return ((int*)(&_wcsnicmp))[argc];
#else
  (void)argc;
  return 0;
#endif
}
Determining if the fopen64 exist failed with the following output:
Change Dir: /home/germansuh/DungeonAdventure/android-project/app/.cxx/Debug/373v5273/arm64-v8a/CMakeFiles/CMakeTmp

Run Build Command(s):/home/germansuh/Android/Sdk/cmake/3.22.1/bin/ninja cmTC_c0bd4 && [1/2] Building C object CMakeFiles/cmTC_c0bd4.dir/CheckSymbolExists.c.o
FAILED: CMakeFiles/cmTC_c0bd4.dir/CheckSymbolExists.c.o 
/home/germansuh/Android/Sdk/ndk/25.2.9519653/toolchains/llvm/prebuilt/linux-x86_64/bin/clang --target=aarch64-none-linux-android21 --sysroot=/home/germansuh/Android/Sdk/ndk/25.2.9519653/toolchains/llvm/prebuilt/linux-x86_64/sysroot   -g -DANDROID -fdata-sections -ffunction-sections -funwind-tables -fstack-protector-strong -no-canonical-prefixes -D_FORTIFY_SOURCE=2 -Wformat -Werror=format-security   -D_GNU_SOURCE=1 -fPIE -MD -MT CMakeFiles/cmTC_c0bd4.dir/CheckSymbolExists.c.o -MF CMakeFiles/cmTC_c0bd4.dir/CheckSymbolExists.c.o.d -o CMakeFiles/cmTC_c0bd4.dir/CheckSymbolExists.c.o -c /home/germansuh/DungeonAdventure/android-project/app/.cxx/Debug/373v5273/arm64-v8a/CMakeFiles/CMakeTmp/CheckSymbolExists.c
/home/germansuh/DungeonAdventure/android-project/app/.cxx/Debug/373v5273/arm64-v8a/CMakeFiles/CMakeTmp/CheckSymbolExists.c:14:19: error: use of undeclared identifier 'fopen64'; did you mean 'fopen'?
  return ((int*)(&fopen64))[argc];
                  ^~~~~~~
                  fopen
/home/germansuh/Android/Sdk/ndk/25.2.9519653/toolchains/llvm/prebuilt/linux-x86_64/sysroot/usr/include/stdio.h:280:7: note: 'fopen' declared here
FILE* fopen(const char* __path, const char* __mode);
      ^
1 error generated.
ninja: build stopped: subcommand failed.


File /home/germansuh/DungeonAdventure/android-project/app/.cxx/Debug/373v5273/arm64-v8a/CMakeFiles/CMakeTmp/CheckSymbolExists.c:
/* */
#include <stddef.h>
#include <stdarg.h>
#include <stdlib.h>
#include <string.h>
#include <stdio.h>
#include <wchar.h>
#include <float.h>

int main(int argc, char** argv)
{
  (void)argv;
#ifndef fopen64
  return ((int*)(&fopen64))[argc];
#else
  (void)argc;
  return 0;
#endif
}
Determining if the fseeko64 exist failed with the following output:
Change Dir: /home/germansuh/DungeonAdventure/android-project/app/.cxx/Debug/373v5273/arm64-v8a/CMakeFiles/CMakeTmp

Run Build Command(s):/home/germansuh/Android/Sdk/cmake/3.22.1/bin/ninja cmTC_7e2a3 && [1/2] Building C object CMakeFiles/cmTC_7e2a3.dir/CheckSymbolExists.c.o
FAILED: CMakeFiles/cmTC_7e2a3.dir/CheckSymbolExists.c.o 
/home/germansuh/Android/Sdk/ndk/25.2.9519653/toolchains/llvm/prebuilt/linux-x86_64/bin/clang --target=aarch64-none-linux-android21 --sysroot=/home/germansuh/Android/Sdk/ndk/25.2.9519653/toolchains/llvm/prebuilt/linux-x86_64/sysroot   -g -DANDROID -fdata-sections -ffunction-sections -funwind-tables -fstack-protector-strong -no-canonical-prefixes -D_FORTIFY_SOURCE=2 -Wformat -Werror=format-security   -D_GNU_SOURCE=1 -fPIE -MD -MT CMakeFiles/cmTC_7e2a3.dir/CheckSymbolExists.c.o -MF CMakeFiles/cmTC_7e2a3.dir/CheckSymbolExists.c.o.d -o CMakeFiles/cmTC_7e2a3.dir/CheckSymbolExists.c.o -c /home/germansuh/DungeonAdventure/android-project/app/.cxx/Debug/373v5273/arm64-v8a/CMakeFiles/CMakeTmp/CheckSymbolExists.c
/home/germansuh/DungeonAdventure/android-project/app/.cxx/Debug/373v5273/arm64-v8a/CMakeFiles/CMakeTmp/CheckSymbolExists.c:14:19: error: use of undeclared identifier 'fseeko64'; did you mean 'fseeko'?
  return ((int*)(&fseeko64))[argc];
                  ^~~~~~~~
                  fseeko
/home/germansuh/Android/Sdk/ndk/25.2.9519653/toolchains/llvm/prebuilt/linux-x86_64/sysroot/usr/include/stdio.h:250:5: note: 'fseeko' declared here
int fseeko(FILE* __fp, off_t __offset, int __whence);
    ^
1 error generated.
ninja: build stopped: subcommand failed.


File /home/germansuh/DungeonAdventure/android-project/app/.cxx/Debug/373v5273/arm64-v8a/CMakeFiles/CMakeTmp/CheckSymbolExists.c:
/* */
#include <stddef.h>
#include <stdarg.h>
#include <stdlib.h>
#include <string.h>
#include <stdio.h>
#include <wchar.h>
#include <float.h>

int main(int argc, char** argv)
{
  (void)argv;
#ifndef fseeko64
  return ((int*)(&fseeko64))[argc];
#else
  (void)argc;
  return 0;
#endif
}
Determining if the sysctlbyname exist failed with the following output:
Change Dir: /home/germansuh/DungeonAdventure/android-project/app/.cxx/Debug/373v5273/arm64-v8a/CMakeFiles/CMakeTmp

Run Build Command(s):/home/germansuh/Android/Sdk/cmake/3.22.1/bin/ninja cmTC_8951c && [1/2] Building C object CMakeFiles/cmTC_8951c.dir/CheckSymbolExists.c.o
FAILED: CMakeFiles/cmTC_8951c.dir/CheckSymbolExists.c.o 
/home/germansuh/Android/Sdk/ndk/25.2.9519653/toolchains/llvm/prebuilt/linux-x86_64/bin/clang --target=aarch64-none-linux-android21 --sysroot=/home/germansuh/Android/Sdk/ndk/25.2.9519653/toolchains/llvm/prebuilt/linux-x86_64/sysroot   -g -DANDROID -fdata-sections -ffunction-sections -funwind-tables -fstack-protector-strong -no-canonical-prefixes -D_FORTIFY_SOURCE=2 -Wformat -Werror=format-security   -D_GNU_SOURCE=1 -fPIE -MD -MT CMakeFiles/cmTC_8951c.dir/CheckSymbolExists.c.o -MF CMakeFiles/cmTC_8951c.dir/CheckSymbolExists.c.o.d -o CMakeFiles/cmTC_8951c.dir/CheckSymbolExists.c.o -c /home/germansuh/DungeonAdventure/android-project/app/.cxx/Debug/373v5273/arm64-v8a/CMakeFiles/CMakeTmp/CheckSymbolExists.c
/home/germansuh/DungeonAdventure/android-project/app/.cxx/Debug/373v5273/arm64-v8a/CMakeFiles/CMakeTmp/CheckSymbolExists.c:3:10: fatal error: 'sys/sysctl.h' file not found
#include <sys/sysctl.h>
         ^~~~~~~~~~~~~~
1 error generated.
ninja: build stopped: subcommand failed.


File /home/germansuh/DungeonAdventure/android-project/app/.cxx/Debug/373v5273/arm64-v8a/CMakeFiles/CMakeTmp/CheckSymbolExists.c:
/* */
#include <sys/types.h>
#include <sys/sysctl.h>

int main(int argc, char** argv)
{
  (void)argv;
#ifndef sysctlbyname
  return ((int*)(&sysctlbyname))[argc];
#else
  (void)argc;
  return 0;
#endif
}
Determining if the elf_aux_info exist failed with the following output:
Change Dir: /home/germansuh/DungeonAdventure/android-project/app/.cxx/Debug/373v5273/arm64-v8a/CMakeFiles/CMakeTmp

Run Build Command(s):/home/germansuh/Android/Sdk/cmake/3.22.1/bin/ninja cmTC_973b8 && [1/2] Building C object CMakeFiles/cmTC_973b8.dir/CheckSymbolExists.c.o
FAILED: CMakeFiles/cmTC_973b8.dir/CheckSymbolExists.c.o 
/home/germansuh/Android/Sdk/ndk/25.2.9519653/toolchains/llvm/prebuilt/linux-x86_64/bin/clang --target=aarch64-none-linux-android21 --sysroot=/home/germansuh/Android/Sdk/ndk/25.2.9519653/toolchains/llvm/prebuilt/linux-x86_64/sysroot   -g -DANDROID -fdata-sections -ffunction-sections -funwind-tables -fstack-protector-strong -no-canonical-prefixes -D_FORTIFY_SOURCE=2 -Wformat -Werror=format-security   -D_GNU_SOURCE=1 -fPIE -MD -MT CMakeFiles/cmTC_973b8.dir/CheckSymbolExists.c.o -MF CMakeFiles/cmTC_973b8.dir/CheckSymbolExists.c.o.d -o CMakeFiles/cmTC_973b8.dir/CheckSymbolExists.c.o -c /home/germansuh/DungeonAdventure/android-project/app/.cxx/Debug/373v5273/arm64-v8a/CMakeFiles/CMakeTmp/CheckSymbolExists.c
/home/germansuh/DungeonAdventure/android-project/app/.cxx/Debug/373v5273/arm64-v8a/CMakeFiles/CMakeTmp/CheckSymbolExists.c:8:19: error: use of undeclared identifier 'elf_aux_info'
  return ((int*)(&elf_aux_info))[argc];
                  ^
1 error generated.
ninja: build stopped: subcommand failed.


File /home/germansuh/DungeonAdventure/android-project/app/.cxx/Debug/373v5273/arm64-v8a/CMakeFiles/CMakeTmp/CheckSymbolExists.c:
/* */
#include <sys/auxv.h>

int main(int argc, char** argv)
{
  (void)argv;
#ifndef elf_aux_info
  return ((int*)(&elf_aux_info))[argc];
#else
  (void)argc;
  return 0;
#endif
}
Determining if the function iconv_open exists in the iconv failed with the following output:
Change Dir: /home/germansuh/DungeonAdventure/android-project/app/.cxx/Debug/373v5273/arm64-v8a/CMakeFiles/CMakeTmp

Run Build Command(s):/home/germansuh/Android/Sdk/cmake/3.22.1/bin/ninja cmTC_2a9e2 && [1/2] Building C object CMakeFiles/cmTC_2a9e2.dir/CheckFunctionExists.c.o
[2/2] Linking C executable cmTC_2a9e2
FAILED: cmTC_2a9e2 
: && /home/germansuh/Android/Sdk/ndk/25.2.9519653/toolchains/llvm/prebuilt/linux-x86_64/bin/clang --target=aarch64-none-linux-android21 --sysroot=/home/germansuh/Android/Sdk/ndk/25.2.9519653/toolchains/llvm/prebuilt/linux-x86_64/sysroot -g -DANDROID -fdata-sections -ffunction-sections -funwind-tables -fstack-protector-strong -no-canonical-prefixes -D_FORTIFY_SOURCE=2 -Wformat -Werror=format-security  -DCHECK_FUNCTION_EXISTS=iconv_open  -D_GNU_SOURCE=1 -Wl,--build-id=sha1 -Wl,--no-rosegment -Wl,--fatal-warnings -Wl,--no-undefined -Qunused-arguments CMakeFiles/cmTC_2a9e2.dir/CheckFunctionExists.c.o -o cmTC_2a9e2  -liconv  -latomic -lm && :
ld: error: unable to find library -liconv
clang: error: linker command failed with exit code 1 (use -v to see invocation)
ninja: build stopped: subcommand failed.



Determining if the function iconv_open exists in the c failed with the following output:
Change Dir: /home/germansuh/DungeonAdventure/android-project/app/.cxx/Debug/373v5273/arm64-v8a/CMakeFiles/CMakeTmp

Run Build Command(s):/home/germansuh/Android/Sdk/cmake/3.22.1/bin/ninja cmTC_154f3 && [1/2] Building C object CMakeFiles/cmTC_154f3.dir/CheckFunctionExists.c.o
[2/2] Linking C executable cmTC_154f3
FAILED: cmTC_154f3 
: && /home/germansuh/Android/Sdk/ndk/25.2.9519653/toolchains/llvm/prebuilt/linux-x86_64/bin/clang --target=aarch64-none-linux-android21 --sysroot=/home/germansuh/Android/Sdk/ndk/25.2.9519653/toolchains/llvm/prebuilt/linux-x86_64/sysroot -g -DANDROID -fdata-sections -ffunction-sections -funwind-tables -fstack-protector-strong -no-canonical-prefixes -D_FORTIFY_SOURCE=2 -Wformat -Werror=format-security  -DCHECK_FUNCTION_EXISTS=iconv_open  -D_GNU_SOURCE=1 -Wl,--build-id=sha1 -Wl,--no-rosegment -Wl,--fatal-warnings -Wl,--no-undefined -Qunused-arguments CMakeFiles/cmTC_154f3.dir/CheckFunctionExists.c.o -o cmTC_154f3  -lc  -latomic -lm && :
ld: error: undefined symbol: iconv_open
>>> referenced by CheckFunctionExists.c:17 (/home/germansuh/Android/Sdk/cmake/3.22.1/share/cmake-3.22/Modules/CheckFunctionExists.c:17)
>>>               CMakeFiles/cmTC_154f3.dir/CheckFunctionExists.c.o:(main)
clang: error: linker command failed with exit code 1 (use -v to see invocation)
ninja: build stopped: subcommand failed.



Determining if the alloca exist failed with the following output:
Change Dir: /home/germansuh/DungeonAdventure/android-project/app/.cxx/Debug/373v5273/arm64-v8a/CMakeFiles/CMakeTmp

Run Build Command(s):/home/germansuh/Android/Sdk/cmake/3.22.1/bin/ninja cmTC_f2f58 && [1/2] Building C object CMakeFiles/cmTC_f2f58.dir/CheckSymbolExists.c.o
/home/germansuh/DungeonAdventure/android-project/app/.cxx/Debug/373v5273/arm64-v8a/CMakeFiles/CMakeTmp/CheckSymbolExists.c:8:19: warning: implicitly declaring library function 'alloca' with type 'void *(unsigned long)' [-Wimplicit-function-declaration]
  return ((int*)(&alloca))[argc];
                  ^
/home/germansuh/DungeonAdventure/android-project/app/.cxx/Debug/373v5273/arm64-v8a/CMakeFiles/CMakeTmp/CheckSymbolExists.c:8:19: note: include the header <stdlib.h> or explicitly provide a declaration for 'alloca'
1 warning generated.
[2/2] Linking C executable cmTC_f2f58
FAILED: cmTC_f2f58 
: && /home/germansuh/Android/Sdk/ndk/25.2.9519653/toolchains/llvm/prebuilt/linux-x86_64/bin/clang --target=aarch64-none-linux-android21 --sysroot=/home/germansuh/Android/Sdk/ndk/25.2.9519653/toolchains/llvm/prebuilt/linux-x86_64/sysroot -g -DANDROID -fdata-sections -ffunction-sections -funwind-tables -fstack-protector-strong -no-canonical-prefixes -D_FORTIFY_SOURCE=2 -Wformat -Werror=format-security   -D_GNU_SOURCE=1 -Wl,--build-id=sha1 -Wl,--no-rosegment -Wl,--fatal-warnings -Wl,--no-undefined -Qunused-arguments CMakeFiles/cmTC_f2f58.dir/CheckSymbolExists.c.o -o cmTC_f2f58  -latomic -lm && :
ld: error: undefined symbol: alloca
>>> referenced by CheckSymbolExists.c:0
>>>               CMakeFiles/cmTC_f2f58.dir/CheckSymbolExists.c.o:(main)
>>> referenced by CheckSymbolExists.c:0
>>>               CMakeFiles/cmTC_f2f58.dir/CheckSymbolExists.c.o:(main)
clang: error: linker command failed with exit code 1 (use -v to see invocation)
ninja: build stopped: subcommand failed.


File /home/germansuh/DungeonAdventure/android-project/app/.cxx/Debug/373v5273/arm64-v8a/CMakeFiles/CMakeTmp/CheckSymbolExists.c:
/* */
#include <malloc.h>

int main(int argc, char** argv)
{
  (void)argv;
#ifndef alloca
  return ((int*)(&alloca))[argc];
#else
  (void)argc;
  return 0;
#endif
}
Performing C SOURCE FILE Test HAVE_ARM_MODE failed with the following output:
Change Dir: /home/germansuh/DungeonAdventure/android-project/app/.cxx/Debug/373v5273/arm64-v8a/CMakeFiles/CMakeTmp

Run Build Command(s):/home/germansuh/Android/Sdk/cmake/3.22.1/bin/ninja cmTC_ee5c8 && [1/2] Building C object CMakeFiles/cmTC_ee5c8.dir/src.c.o
FAILED: CMakeFiles/cmTC_ee5c8.dir/src.c.o 
/home/germansuh/Android/Sdk/ndk/25.2.9519653/toolchains/llvm/prebuilt/linux-x86_64/bin/clang --target=aarch64-none-linux-android21 --sysroot=/home/germansuh/Android/Sdk/ndk/25.2.9519653/toolchains/llvm/prebuilt/linux-x86_64/sysroot -DHAVE_ARM_MODE  -g -DANDROID -fdata-sections -ffunction-sections -funwind-tables -fstack-protector-strong -no-canonical-prefixes -D_FORTIFY_SOURCE=2 -Wformat -Werror=format-security   -D_GNU_SOURCE=1 -Werror=unused-command-line-argument -fPIE   -marm -MD -MT CMakeFiles/cmTC_ee5c8.dir/src.c.o -MF CMakeFiles/cmTC_ee5c8.dir/src.c.o.d -o CMakeFiles/cmTC_ee5c8.dir/src.c.o -c /home/germansuh/DungeonAdventure/android-project/app/.cxx/Debug/373v5273/arm64-v8a/CMakeFiles/CMakeTmp/src.c
clang: error: argument unused during compilation: '-marm' [-Werror,-Wunused-command-line-argument]
ninja: build stopped: subcommand failed.


Source file was:
int main(void) { return 0; }
Determining if the include file pthread_np.h exists failed with the following output:
Change Dir: /home/germansuh/DungeonAdventure/android-project/app/.cxx/Debug/373v5273/arm64-v8a/CMakeFiles/CMakeTmp

Run Build Command(s):/home/germansuh/Android/Sdk/cmake/3.22.1/bin/ninja cmTC_aefe5 && [1/2] Building C object CMakeFiles/cmTC_aefe5.dir/CheckIncludeFile.c.o
FAILED: CMakeFiles/cmTC_aefe5.dir/CheckIncludeFile.c.o 
/home/germansuh/Android/Sdk/ndk/25.2.9519653/toolchains/llvm/prebuilt/linux-x86_64/bin/clang --target=aarch64-none-linux-android21 --sysroot=/home/germansuh/Android/Sdk/ndk/25.2.9519653/toolchains/llvm/prebuilt/linux-x86_64/sysroot   -g -DANDROID -fdata-sections -ffunction-sections -funwind-tables -fstack-protector-strong -no-canonical-prefixes -D_FORTIFY_SOURCE=2 -Wformat -Werror=format-security   -D_GNU_SOURCE=1 -fPIE -MD -MT CMakeFiles/cmTC_aefe5.dir/CheckIncludeFile.c.o -MF CMakeFiles/cmTC_aefe5.dir/CheckIncludeFile.c.o.d -o CMakeFiles/cmTC_aefe5.dir/CheckIncludeFile.c.o -c /home/germansuh/DungeonAdventure/android-project/app/.cxx/Debug/373v5273/arm64-v8a/CMakeFiles/CMakeTmp/CheckIncludeFile.c
/home/germansuh/DungeonAdventure/android-project/app/.cxx/Debug/373v5273/arm64-v8a/CMakeFiles/CMakeTmp/CheckIncludeFile.c:1:10: fatal error: 'pthread_np.h' file not found
#include <pthread_np.h>
         ^~~~~~~~~~~~~~
1 error generated.
ninja: build stopped: subcommand failed.



