Determining if the __GLIBC__ exist failed with the following output:
Change Dir: /home/germansuh/DungeonAdventure/android-project/app/.cxx/Debug/6ds4t632/arm64-v8a/CMakeFiles/CMakeTmp

Run Build Command(s):/home/germansuh/Android/Sdk/cmake/3.22.1/bin/ninja cmTC_1401e && [1/2] Building C object CMakeFiles/cmTC_1401e.dir/CheckSymbolExists.c.o
FAILED: CMakeFiles/cmTC_1401e.dir/CheckSymbolExists.c.o 
/home/germansuh/Android/Sdk/ndk/25.2.9519653/toolchains/llvm/prebuilt/linux-x86_64/bin/clang --target=aarch64-none-linux-android21 --sysroot=/home/germansuh/Android/Sdk/ndk/25.2.9519653/toolchains/llvm/prebuilt/linux-x86_64/sysroot   -g -DANDROID -fdata-sections -ffunction-sections -funwind-tables -fstack-protector-strong -no-canonical-prefixes -D_FORTIFY_SOURCE=2 -Wformat -Werror=format-security   -fPIE -MD -MT CMakeFiles/cmTC_1401e.dir/CheckSymbolExists.c.o -MF CMakeFiles/cmTC_1401e.dir/CheckSymbolExists.c.o.d -o CMakeFiles/cmTC_1401e.dir/CheckSymbolExists.c.o -c /home/germansuh/DungeonAdventure/android-project/app/.cxx/Debug/6ds4t632/arm64-v8a/CMakeFiles/CMakeTmp/CheckSymbolExists.c
/home/germansuh/DungeonAdventure/android-project/app/.cxx/Debug/6ds4t632/arm64-v8a/CMakeFiles/CMakeTmp/CheckSymbolExists.c:8:19: error: use of undeclared identifier '__GLIBC__'
  return ((int*)(&__GLIBC__))[argc];
                  ^
1 error generated.
ninja: build stopped: subcommand failed.


File /home/germansuh/DungeonAdventure/android-project/app/.cxx/Debug/6ds4t632/arm64-v8a/CMakeFiles/CMakeTmp/CheckSymbolExists.c:
/* */
#include <stdlib.h>

int main(int argc, char** argv)
{
  (void)argv;
#ifndef __GLIBC__
  return ((int*)(&__GLIBC__))[argc];
#else
  (void)argc;
  return 0;
#endif
}
Performing C SOURCE FILE Test CHECK_CPU_ARCHITECTURE_X64 failed with the following output:
Change Dir: /home/germansuh/DungeonAdventure/android-project/app/.cxx/Debug/6ds4t632/arm64-v8a/CMakeFiles/CMakeTmp

Run Build Command(s):/home/germansuh/Android/Sdk/cmake/3.22.1/bin/ninja cmTC_83233 && [1/2] Building C object CMakeFiles/cmTC_83233.dir/src.c.o
FAILED: CMakeFiles/cmTC_83233.dir/src.c.o 
/home/germansuh/Android/Sdk/ndk/25.2.9519653/toolchains/llvm/prebuilt/linux-x86_64/bin/clang --target=aarch64-none-linux-android21 --sysroot=/home/germansuh/Android/Sdk/ndk/25.2.9519653/toolchains/llvm/prebuilt/linux-x86_64/sysroot -DCHECK_CPU_ARCHITECTURE_X64  -g -DANDROID -fdata-sections -ffunction-sections -funwind-tables -fstack-protector-strong -no-canonical-prefixes -D_FORTIFY_SOURCE=2 -Wformat -Werror=format-security   -fPIE -MD -MT CMakeFiles/cmTC_83233.dir/src.c.o -MF CMakeFiles/cmTC_83233.dir/src.c.o.d -o CMakeFiles/cmTC_83233.dir/src.c.o -c /home/germansuh/DungeonAdventure/android-project/app/.cxx/Debug/6ds4t632/arm64-v8a/CMakeFiles/CMakeTmp/src.c
/home/germansuh/DungeonAdventure/android-project/app/.cxx/Debug/6ds4t632/arm64-v8a/CMakeFiles/CMakeTmp/src.c:6:3: error: use of undeclared identifier 'choke'
  choke
  ^
1 error generated.
ninja: build stopped: subcommand failed.


Source file was:

int main(int argc, char *argv[]) {
#if defined(__amd64__) || defined(__amd64) || defined(__x86_64__) || defined(__x86_64) || defined(_M_X64) || defined(_M_AMD64)
  return 0;
#else
  choke
#endif
}

Performing C SOURCE FILE Test CHECK_CPU_ARCHITECTURE_X86 failed with the following output:
Change Dir: /home/germansuh/DungeonAdventure/android-project/app/.cxx/Debug/6ds4t632/arm64-v8a/CMakeFiles/CMakeTmp

Run Build Command(s):/home/germansuh/Android/Sdk/cmake/3.22.1/bin/ninja cmTC_f71b7 && [1/2] Building C object CMakeFiles/cmTC_f71b7.dir/src.c.o
FAILED: CMakeFiles/cmTC_f71b7.dir/src.c.o 
/home/germansuh/Android/Sdk/ndk/25.2.9519653/toolchains/llvm/prebuilt/linux-x86_64/bin/clang --target=aarch64-none-linux-android21 --sysroot=/home/germansuh/Android/Sdk/ndk/25.2.9519653/toolchains/llvm/prebuilt/linux-x86_64/sysroot -DCHECK_CPU_ARCHITECTURE_X86  -g -DANDROID -fdata-sections -ffunction-sections -funwind-tables -fstack-protector-strong -no-canonical-prefixes -D_FORTIFY_SOURCE=2 -Wformat -Werror=format-security   -fPIE -MD -MT CMakeFiles/cmTC_f71b7.dir/src.c.o -MF CMakeFiles/cmTC_f71b7.dir/src.c.o.d -o CMakeFiles/cmTC_f71b7.dir/src.c.o -c /home/germansuh/DungeonAdventure/android-project/app/.cxx/Debug/6ds4t632/arm64-v8a/CMakeFiles/CMakeTmp/src.c
/home/germansuh/DungeonAdventure/android-project/app/.cxx/Debug/6ds4t632/arm64-v8a/CMakeFiles/CMakeTmp/src.c:6:3: error: use of undeclared identifier 'choke'
  choke
  ^
1 error generated.
ninja: build stopped: subcommand failed.


Source file was:

int main(int argc, char *argv[]) {
#if defined(__i386__) || defined(__i486__) || defined(__i586__) || defined(__i686__) ||defined( __i386) || defined(_M_IX86)
  return 0;
#else
  choke
#endif
}

Determining if the include file libunwind.h exists failed with the following output:
Change Dir: /home/germansuh/DungeonAdventure/android-project/app/.cxx/Debug/6ds4t632/arm64-v8a/CMakeFiles/CMakeTmp

Run Build Command(s):/home/germansuh/Android/Sdk/cmake/3.22.1/bin/ninja cmTC_c4d23 && [1/2] Building C object CMakeFiles/cmTC_c4d23.dir/CheckIncludeFile.c.o
FAILED: CMakeFiles/cmTC_c4d23.dir/CheckIncludeFile.c.o 
/home/germansuh/Android/Sdk/ndk/25.2.9519653/toolchains/llvm/prebuilt/linux-x86_64/bin/clang --target=aarch64-none-linux-android21 --sysroot=/home/germansuh/Android/Sdk/ndk/25.2.9519653/toolchains/llvm/prebuilt/linux-x86_64/sysroot   -g -DANDROID -fdata-sections -ffunction-sections -funwind-tables -fstack-protector-strong -no-canonical-prefixes -D_FORTIFY_SOURCE=2 -Wformat -Werror=format-security   -D_GNU_SOURCE=1 -fPIE -MD -MT CMakeFiles/cmTC_c4d23.dir/CheckIncludeFile.c.o -MF CMakeFiles/cmTC_c4d23.dir/CheckIncludeFile.c.o.d -o CMakeFiles/cmTC_c4d23.dir/CheckIncludeFile.c.o -c /home/germansuh/DungeonAdventure/android-project/app/.cxx/Debug/6ds4t632/arm64-v8a/CMakeFiles/CMakeTmp/CheckIncludeFile.c
/home/germansuh/DungeonAdventure/android-project/app/.cxx/Debug/6ds4t632/arm64-v8a/CMakeFiles/CMakeTmp/CheckIncludeFile.c:1:10: fatal error: 'libunwind.h' file not found
#include <libunwind.h>
         ^~~~~~~~~~~~~
1 error generated.
ninja: build stopped: subcommand failed.



Determining if the _strrev exist failed with the following output:
Change Dir: /home/germansuh/DungeonAdventure/android-project/app/.cxx/Debug/6ds4t632/arm64-v8a/CMakeFiles/CMakeTmp

Run Build Command(s):/home/germansuh/Android/Sdk/cmake/3.22.1/bin/ninja cmTC_821bc && [1/2] Building C object CMakeFiles/cmTC_821bc.dir/CheckSymbolExists.c.o
FAILED: CMakeFiles/cmTC_821bc.dir/CheckSymbolExists.c.o 
/home/germansuh/Android/Sdk/ndk/25.2.9519653/toolchains/llvm/prebuilt/linux-x86_64/bin/clang --target=aarch64-none-linux-android21 --sysroot=/home/germansuh/Android/Sdk/ndk/25.2.9519653/toolchains/llvm/prebuilt/linux-x86_64/sysroot   -g -DANDROID -fdata-sections -ffunction-sections -funwind-tables -fstack-protector-strong -no-canonical-prefixes -D_FORTIFY_SOURCE=2 -Wformat -Werror=format-security   -D_GNU_SOURCE=1 -fPIE -MD -MT CMakeFiles/cmTC_821bc.dir/CheckSymbolExists.c.o -MF CMakeFiles/cmTC_821bc.dir/CheckSymbolExists.c.o.d -o CMakeFiles/cmTC_821bc.dir/CheckSymbolExists.c.o -c /home/germansuh/DungeonAdventure/android-project/app/.cxx/Debug/6ds4t632/arm64-v8a/CMakeFiles/CMakeTmp/CheckSymbolExists.c
/home/germansuh/DungeonAdventure/android-project/app/.cxx/Debug/6ds4t632/arm64-v8a/CMakeFiles/CMakeTmp/CheckSymbolExists.c:14:19: error: use of undeclared identifier '_strrev'; did you mean 'strsep'?
  return ((int*)(&_strrev))[argc];
                  ^~~~~~~
                  strsep
/home/germansuh/Android/Sdk/ndk/25.2.9519653/toolchains/llvm/prebuilt/linux-x86_64/sysroot/usr/include/string.h:150:7: note: 'strsep' declared here
char* strsep(char** __s_ptr, const char* __delimiter);
      ^
1 error generated.
ninja: build stopped: subcommand failed.


File /home/germansuh/DungeonAdventure/android-project/app/.cxx/Debug/6ds4t632/arm64-v8a/CMakeFiles/CMakeTmp/CheckSymbolExists.c:
/* */
#include <stddef.h>
#include <stdarg.h>
#include <stdlib.h>
#include <string.h>
#include <stdio.h>
#include <wchar.h>
#include <float.h>

int main(int argc, char** argv)
{
  (void)argv;
#ifndef _strrev
  return ((int*)(&_strrev))[argc];
#else
  (void)argc;
  return 0;
#endif
}
Determining if the _strupr exist failed with the following output:
Change Dir: /home/germansuh/DungeonAdventure/android-project/app/.cxx/Debug/6ds4t632/arm64-v8a/CMakeFiles/CMakeTmp

Run Build Command(s):/home/germansuh/Android/Sdk/cmake/3.22.1/bin/ninja cmTC_d358a && [1/2] Building C object CMakeFiles/cmTC_d358a.dir/CheckSymbolExists.c.o
FAILED: CMakeFiles/cmTC_d358a.dir/CheckSymbolExists.c.o 
/home/germansuh/Android/Sdk/ndk/25.2.9519653/toolchains/llvm/prebuilt/linux-x86_64/bin/clang --target=aarch64-none-linux-android21 --sysroot=/home/germansuh/Android/Sdk/ndk/25.2.9519653/toolchains/llvm/prebuilt/linux-x86_64/sysroot   -g -DANDROID -fdata-sections -ffunction-sections -funwind-tables -fstack-protector-strong -no-canonical-prefixes -D_FORTIFY_SOURCE=2 -Wformat -Werror=format-security   -D_GNU_SOURCE=1 -fPIE -MD -MT CMakeFiles/cmTC_d358a.dir/CheckSymbolExists.c.o -MF CMakeFiles/cmTC_d358a.dir/CheckSymbolExists.c.o.d -o CMakeFiles/cmTC_d358a.dir/CheckSymbolExists.c.o -c /home/germansuh/DungeonAdventure/android-project/app/.cxx/Debug/6ds4t632/arm64-v8a/CMakeFiles/CMakeTmp/CheckSymbolExists.c
/home/germansuh/DungeonAdventure/android-project/app/.cxx/Debug/6ds4t632/arm64-v8a/CMakeFiles/CMakeTmp/CheckSymbolExists.c:14:19: error: use of undeclared identifier '_strupr'
  return ((int*)(&_strupr))[argc];
                  ^
1 error generated.
ninja: build stopped: subcommand failed.


File /home/germansuh/DungeonAdventure/android-project/app/.cxx/Debug/6ds4t632/arm64-v8a/CMakeFiles/CMakeTmp/CheckSymbolExists.c:
/* */
#include <stddef.h>
#include <stdarg.h>
#include <stdlib.h>
#include <string.h>
#include <stdio.h>
#include <wchar.h>
#include <float.h>

int main(int argc, char** argv)
{
  (void)argv;
#ifndef _strupr
  return ((int*)(&_strupr))[argc];
#else
  (void)argc;
  return 0;
#endif
}
Determining if the _strlwr exist failed with the following output:
Change Dir: /home/germansuh/DungeonAdventure/android-project/app/.cxx/Debug/6ds4t632/arm64-v8a/CMakeFiles/CMakeTmp

Run Build Command(s):/home/germansuh/Android/Sdk/cmake/3.22.1/bin/ninja cmTC_72aa3 && [1/2] Building C object CMakeFiles/cmTC_72aa3.dir/CheckSymbolExists.c.o
FAILED: CMakeFiles/cmTC_72aa3.dir/CheckSymbolExists.c.o 
/home/germansuh/Android/Sdk/ndk/25.2.9519653/toolchains/llvm/prebuilt/linux-x86_64/bin/clang --target=aarch64-none-linux-android21 --sysroot=/home/germansuh/Android/Sdk/ndk/25.2.9519653/toolchains/llvm/prebuilt/linux-x86_64/sysroot   -g -DANDROID -fdata-sections -ffunction-sections -funwind-tables -fstack-protector-strong -no-canonical-prefixes -D_FORTIFY_SOURCE=2 -Wformat -Werror=format-security   -D_GNU_SOURCE=1 -fPIE -MD -MT CMakeFiles/cmTC_72aa3.dir/CheckSymbolExists.c.o -MF CMakeFiles/cmTC_72aa3.dir/CheckSymbolExists.c.o.d -o CMakeFiles/cmTC_72aa3.dir/CheckSymbolExists.c.o -c /home/germansuh/DungeonAdventure/android-project/app/.cxx/Debug/6ds4t632/arm64-v8a/CMakeFiles/CMakeTmp/CheckSymbolExists.c
/home/germansuh/DungeonAdventure/android-project/app/.cxx/Debug/6ds4t632/arm64-v8a/CMakeFiles/CMakeTmp/CheckSymbolExists.c:14:19: error: use of undeclared identifier '_strlwr'; did you mean 'strstr'?
  return ((int*)(&_strlwr))[argc];
                  ^~~~~~~
                  strstr
/home/germansuh/Android/Sdk/ndk/25.2.9519653/toolchains/llvm/prebuilt/linux-x86_64/sysroot/usr/include/string.h:112:7: note: 'strstr' declared here
char* strstr(const char* __haystack, const char* __needle) __attribute_pure__;
      ^
1 error generated.
ninja: build stopped: subcommand failed.


File /home/germansuh/DungeonAdventure/android-project/app/.cxx/Debug/6ds4t632/arm64-v8a/CMakeFiles/CMakeTmp/CheckSymbolExists.c:
/* */
#include <stddef.h>
#include <stdarg.h>
#include <stdlib.h>
#include <string.h>
#include <stdio.h>
#include <wchar.h>
#include <float.h>

int main(int argc, char** argv)
{
  (void)argv;
#ifndef _strlwr
  return ((int*)(&_strlwr))[argc];
#else
  (void)argc;
  return 0;
#endif
}
Determining if the index exist failed with the following output:
Change Dir: /home/germansuh/DungeonAdventure/android-project/app/.cxx/Debug/6ds4t632/arm64-v8a/CMakeFiles/CMakeTmp

Run Build Command(s):/home/germansuh/Android/Sdk/cmake/3.22.1/bin/ninja cmTC_a82b6 && [1/2] Building C object CMakeFiles/cmTC_a82b6.dir/CheckSymbolExists.c.o
/home/germansuh/DungeonAdventure/android-project/app/.cxx/Debug/6ds4t632/arm64-v8a/CMakeFiles/CMakeTmp/CheckSymbolExists.c:14:19: warning: implicitly declaring library function 'index' with type 'char *(const char *, int)' [-Wimplicit-function-declaration]
  return ((int*)(&index))[argc];
                  ^
/home/germansuh/DungeonAdventure/android-project/app/.cxx/Debug/6ds4t632/arm64-v8a/CMakeFiles/CMakeTmp/CheckSymbolExists.c:14:19: note: include the header <strings.h> or explicitly provide a declaration for 'index'
1 warning generated.
[2/2] Linking C executable cmTC_a82b6
FAILED: cmTC_a82b6 
: && /home/germansuh/Android/Sdk/ndk/25.2.9519653/toolchains/llvm/prebuilt/linux-x86_64/bin/clang --target=aarch64-none-linux-android21 --sysroot=/home/germansuh/Android/Sdk/ndk/25.2.9519653/toolchains/llvm/prebuilt/linux-x86_64/sysroot -g -DANDROID -fdata-sections -ffunction-sections -funwind-tables -fstack-protector-strong -no-canonical-prefixes -D_FORTIFY_SOURCE=2 -Wformat -Werror=format-security   -D_GNU_SOURCE=1 -Wl,--build-id=sha1 -Wl,--no-rosegment -Wl,--fatal-warnings -Wl,--no-undefined -Qunused-arguments CMakeFiles/cmTC_a82b6.dir/CheckSymbolExists.c.o -o cmTC_a82b6  -latomic -lm && :
ld: error: undefined symbol: index
>>> referenced by CheckSymbolExists.c:0
>>>               CMakeFiles/cmTC_a82b6.dir/CheckSymbolExists.c.o:(main)
>>> referenced by CheckSymbolExists.c:0
>>>               CMakeFiles/cmTC_a82b6.dir/CheckSymbolExists.c.o:(main)
clang: error: linker command failed with exit code 1 (use -v to see invocation)
ninja: build stopped: subcommand failed.


File /home/germansuh/DungeonAdventure/android-project/app/.cxx/Debug/6ds4t632/arm64-v8a/CMakeFiles/CMakeTmp/CheckSymbolExists.c:
/* */
#include <stddef.h>
#include <stdarg.h>
#include <stdlib.h>
#include <string.h>
#include <stdio.h>
#include <wchar.h>
#include <float.h>

int main(int argc, char** argv)
{
  (void)argv;
#ifndef index
  return ((int*)(&index))[argc];
#else
  (void)argc;
  return 0;
#endif
}
Determining if the rindex exist failed with the following output:
Change Dir: /home/germansuh/DungeonAdventure/android-project/app/.cxx/Debug/6ds4t632/arm64-v8a/CMakeFiles/CMakeTmp

Run Build Command(s):/home/germansuh/Android/Sdk/cmake/3.22.1/bin/ninja cmTC_4b65d && [1/2] Building C object CMakeFiles/cmTC_4b65d.dir/CheckSymbolExists.c.o
/home/germansuh/DungeonAdventure/android-project/app/.cxx/Debug/6ds4t632/arm64-v8a/CMakeFiles/CMakeTmp/CheckSymbolExists.c:14:19: warning: implicitly declaring library function 'rindex' with type 'char *(const char *, int)' [-Wimplicit-function-declaration]
  return ((int*)(&rindex))[argc];
                  ^
/home/germansuh/DungeonAdventure/android-project/app/.cxx/Debug/6ds4t632/arm64-v8a/CMakeFiles/CMakeTmp/CheckSymbolExists.c:14:19: note: include the header <strings.h> or explicitly provide a declaration for 'rindex'
1 warning generated.
[2/2] Linking C executable cmTC_4b65d
FAILED: cmTC_4b65d 
: && /home/germansuh/Android/Sdk/ndk/25.2.9519653/toolchains/llvm/prebuilt/linux-x86_64/bin/clang --target=aarch64-none-linux-android21 --sysroot=/home/germansuh/Android/Sdk/ndk/25.2.9519653/toolchains/llvm/prebuilt/linux-x86_64/sysroot -g -DANDROID -fdata-sections -ffunction-sections -funwind-tables -fstack-protector-strong -no-canonical-prefixes -D_FORTIFY_SOURCE=2 -Wformat -Werror=format-security   -D_GNU_SOURCE=1 -Wl,--build-id=sha1 -Wl,--no-rosegment -Wl,--fatal-warnings -Wl,--no-undefined -Qunused-arguments CMakeFiles/cmTC_4b65d.dir/CheckSymbolExists.c.o -o cmTC_4b65d  -latomic -lm && :
ld: error: undefined symbol: rindex
>>> referenced by CheckSymbolExists.c:0
>>>               CMakeFiles/cmTC_4b65d.dir/CheckSymbolExists.c.o:(main)
>>> referenced by CheckSymbolExists.c:0
>>>               CMakeFiles/cmTC_4b65d.dir/CheckSymbolExists.c.o:(main)
clang: error: linker command failed with exit code 1 (use -v to see invocation)
ninja: build stopped: subcommand failed.


File /home/germansuh/DungeonAdventure/android-project/app/.cxx/Debug/6ds4t632/arm64-v8a/CMakeFiles/CMakeTmp/CheckSymbolExists.c:
/* */
#include <stddef.h>
#include <stdarg.h>
#include <stdlib.h>
#include <string.h>
#include <stdio.h>
#include <wchar.h>
#include <float.h>

int main(int argc, char** argv)
{
  (void)argv;
#ifndef rindex
  return ((int*)(&rindex))[argc];
#else
  (void)argc;
  return 0;
#endif
}
Determining if the itoa exist failed with the following output:
Change Dir: /home/germansuh/DungeonAdventure/android-project/app/.cxx/Debug/6ds4t632/arm64-v8a/CMakeFiles/CMakeTmp

Run Build Command(s):/home/germansuh/Android/Sdk/cmake/3.22.1/bin/ninja cmTC_ac0a9 && [1/2] Building C object CMakeFiles/cmTC_ac0a9.dir/CheckSymbolExists.c.o
FAILED: CMakeFiles/cmTC_ac0a9.dir/CheckSymbolExists.c.o 
/home/germansuh/Android/Sdk/ndk/25.2.9519653/toolchains/llvm/prebuilt/linux-x86_64/bin/clang --target=aarch64-none-linux-android21 --sysroot=/home/germansuh/Android/Sdk/ndk/25.2.9519653/toolchains/llvm/prebuilt/linux-x86_64/sysroot   -g -DANDROID -fdata-sections -ffunction-sections -funwind-tables -fstack-protector-strong -no-canonical-prefixes -D_FORTIFY_SOURCE=2 -Wformat -Werror=format-security   -D_GNU_SOURCE=1 -fPIE -MD -MT CMakeFiles/cmTC_ac0a9.dir/CheckSymbolExists.c.o -MF CMakeFiles/cmTC_ac0a9.dir/CheckSymbolExists.c.o.d -o CMakeFiles/cmTC_ac0a9.dir/CheckSymbolExists.c.o -c /home/germansuh/DungeonAdventure/android-project/app/.cxx/Debug/6ds4t632/arm64-v8a/CMakeFiles/CMakeTmp/CheckSymbolExists.c
/home/germansuh/DungeonAdventure/android-project/app/.cxx/Debug/6ds4t632/arm64-v8a/CMakeFiles/CMakeTmp/CheckSymbolExists.c:14:19: error: use of undeclared identifier 'itoa'
  return ((int*)(&itoa))[argc];
                  ^
1 error generated.
ninja: build stopped: subcommand failed.


File /home/germansuh/DungeonAdventure/android-project/app/.cxx/Debug/6ds4t632/arm64-v8a/CMakeFiles/CMakeTmp/CheckSymbolExists.c:
/* */
#include <stddef.h>
#include <stdarg.h>
#include <stdlib.h>
#include <string.h>
#include <stdio.h>
#include <wchar.h>
#include <float.h>

int main(int argc, char** argv)
{
  (void)argv;
#ifndef itoa
  return ((int*)(&itoa))[argc];
#else
  (void)argc;
  return 0;
#endif
}
Determining if the _ltoa exist failed with the following output:
Change Dir: /home/germansuh/DungeonAdventure/android-project/app/.cxx/Debug/6ds4t632/arm64-v8a/CMakeFiles/CMakeTmp

Run Build Command(s):/home/germansuh/Android/Sdk/cmake/3.22.1/bin/ninja cmTC_11379 && [1/2] Building C object CMakeFiles/cmTC_11379.dir/CheckSymbolExists.c.o
FAILED: CMakeFiles/cmTC_11379.dir/CheckSymbolExists.c.o 
/home/germansuh/Android/Sdk/ndk/25.2.9519653/toolchains/llvm/prebuilt/linux-x86_64/bin/clang --target=aarch64-none-linux-android21 --sysroot=/home/germansuh/Android/Sdk/ndk/25.2.9519653/toolchains/llvm/prebuilt/linux-x86_64/sysroot   -g -DANDROID -fdata-sections -ffunction-sections -funwind-tables -fstack-protector-strong -no-canonical-prefixes -D_FORTIFY_SOURCE=2 -Wformat -Werror=format-security   -D_GNU_SOURCE=1 -fPIE -MD -MT CMakeFiles/cmTC_11379.dir/CheckSymbolExists.c.o -MF CMakeFiles/cmTC_11379.dir/CheckSymbolExists.c.o.d -o CMakeFiles/cmTC_11379.dir/CheckSymbolExists.c.o -c /home/germansuh/DungeonAdventure/android-project/app/.cxx/Debug/6ds4t632/arm64-v8a/CMakeFiles/CMakeTmp/CheckSymbolExists.c
/home/germansuh/DungeonAdventure/android-project/app/.cxx/Debug/6ds4t632/arm64-v8a/CMakeFiles/CMakeTmp/CheckSymbolExists.c:14:19: error: use of undeclared identifier '_ltoa'
  return ((int*)(&_ltoa))[argc];
                  ^
1 error generated.
ninja: build stopped: subcommand failed.


File /home/germansuh/DungeonAdventure/android-project/app/.cxx/Debug/6ds4t632/arm64-v8a/CMakeFiles/CMakeTmp/CheckSymbolExists.c:
/* */
#include <stddef.h>
#include <stdarg.h>
#include <stdlib.h>
#include <string.h>
#include <stdio.h>
#include <wchar.h>
#include <float.h>

int main(int argc, char** argv)
{
  (void)argv;
#ifndef _ltoa
  return ((int*)(&_ltoa))[argc];
#else
  (void)argc;
  return 0;
#endif
}
Determining if the _uitoa exist failed with the following output:
Change Dir: /home/germansuh/DungeonAdventure/android-project/app/.cxx/Debug/6ds4t632/arm64-v8a/CMakeFiles/CMakeTmp

Run Build Command(s):/home/germansuh/Android/Sdk/cmake/3.22.1/bin/ninja cmTC_8c4ef && [1/2] Building C object CMakeFiles/cmTC_8c4ef.dir/CheckSymbolExists.c.o
FAILED: CMakeFiles/cmTC_8c4ef.dir/CheckSymbolExists.c.o 
/home/germansuh/Android/Sdk/ndk/25.2.9519653/toolchains/llvm/prebuilt/linux-x86_64/bin/clang --target=aarch64-none-linux-android21 --sysroot=/home/germansuh/Android/Sdk/ndk/25.2.9519653/toolchains/llvm/prebuilt/linux-x86_64/sysroot   -g -DANDROID -fdata-sections -ffunction-sections -funwind-tables -fstack-protector-strong -no-canonical-prefixes -D_FORTIFY_SOURCE=2 -Wformat -Werror=format-security   -D_GNU_SOURCE=1 -fPIE -MD -MT CMakeFiles/cmTC_8c4ef.dir/CheckSymbolExists.c.o -MF CMakeFiles/cmTC_8c4ef.dir/CheckSymbolExists.c.o.d -o CMakeFiles/cmTC_8c4ef.dir/CheckSymbolExists.c.o -c /home/germansuh/DungeonAdventure/android-project/app/.cxx/Debug/6ds4t632/arm64-v8a/CMakeFiles/CMakeTmp/CheckSymbolExists.c
/home/germansuh/DungeonAdventure/android-project/app/.cxx/Debug/6ds4t632/arm64-v8a/CMakeFiles/CMakeTmp/CheckSymbolExists.c:14:19: error: use of undeclared identifier '_uitoa'
  return ((int*)(&_uitoa))[argc];
                  ^
1 error generated.
ninja: build stopped: subcommand failed.


File /home/germansuh/DungeonAdventure/android-project/app/.cxx/Debug/6ds4t632/arm64-v8a/CMakeFiles/CMakeTmp/CheckSymbolExists.c:
/* */
#include <stddef.h>
#include <stdarg.h>
#include <stdlib.h>
#include <string.h>
#include <stdio.h>
#include <wchar.h>
#include <float.h>

int main(int argc, char** argv)
{
  (void)argv;
#ifndef _uitoa
  return ((int*)(&_uitoa))[argc];
#else
  (void)argc;
  return 0;
#endif
}
Determining if the _ultoa exist failed with the following output:
Change Dir: /home/germansuh/DungeonAdventure/android-project/app/.cxx/Debug/6ds4t632/arm64-v8a/CMakeFiles/CMakeTmp

Run Build Command(s):/home/germansuh/Android/Sdk/cmake/3.22.1/bin/ninja cmTC_c579e && [1/2] Building C object CMakeFiles/cmTC_c579e.dir/CheckSymbolExists.c.o
FAILED: CMakeFiles/cmTC_c579e.dir/CheckSymbolExists.c.o 
/home/germansuh/Android/Sdk/ndk/25.2.9519653/toolchains/llvm/prebuilt/linux-x86_64/bin/clang --target=aarch64-none-linux-android21 --sysroot=/home/germansuh/Android/Sdk/ndk/25.2.9519653/toolchains/llvm/prebuilt/linux-x86_64/sysroot   -g -DANDROID -fdata-sections -ffunction-sections -funwind-tables -fstack-protector-strong -no-canonical-prefixes -D_FORTIFY_SOURCE=2 -Wformat -Werror=format-security   -D_GNU_SOURCE=1 -fPIE -MD -MT CMakeFiles/cmTC_c579e.dir/CheckSymbolExists.c.o -MF CMakeFiles/cmTC_c579e.dir/CheckSymbolExists.c.o.d -o CMakeFiles/cmTC_c579e.dir/CheckSymbolExists.c.o -c /home/germansuh/DungeonAdventure/android-project/app/.cxx/Debug/6ds4t632/arm64-v8a/CMakeFiles/CMakeTmp/CheckSymbolExists.c
/home/germansuh/DungeonAdventure/android-project/app/.cxx/Debug/6ds4t632/arm64-v8a/CMakeFiles/CMakeTmp/CheckSymbolExists.c:14:19: error: use of undeclared identifier '_ultoa'
  return ((int*)(&_ultoa))[argc];
                  ^
1 error generated.
ninja: build stopped: subcommand failed.


File /home/germansuh/DungeonAdventure/android-project/app/.cxx/Debug/6ds4t632/arm64-v8a/CMakeFiles/CMakeTmp/CheckSymbolExists.c:
/* */
#include <stddef.h>
#include <stdarg.h>
#include <stdlib.h>
#include <string.h>
#include <stdio.h>
#include <wchar.h>
#include <float.h>

int main(int argc, char** argv)
{
  (void)argv;
#ifndef _ultoa
  return ((int*)(&_ultoa))[argc];
#else
  (void)argc;
  return 0;
#endif
}
Determining if the _i64toa exist failed with the following output:
Change Dir: /home/germansuh/DungeonAdventure/android-project/app/.cxx/Debug/6ds4t632/arm64-v8a/CMakeFiles/CMakeTmp

Run Build Command(s):/home/germansuh/Android/Sdk/cmake/3.22.1/bin/ninja cmTC_9016a && [1/2] Building C object CMakeFiles/cmTC_9016a.dir/CheckSymbolExists.c.o
FAILED: CMakeFiles/cmTC_9016a.dir/CheckSymbolExists.c.o 
/home/germansuh/Android/Sdk/ndk/25.2.9519653/toolchains/llvm/prebuilt/linux-x86_64/bin/clang --target=aarch64-none-linux-android21 --sysroot=/home/germansuh/Android/Sdk/ndk/25.2.9519653/toolchains/llvm/prebuilt/linux-x86_64/sysroot   -g -DANDROID -fdata-sections -ffunction-sections -funwind-tables -fstack-protector-strong -no-canonical-prefixes -D_FORTIFY_SOURCE=2 -Wformat -Werror=format-security   -D_GNU_SOURCE=1 -fPIE -MD -MT CMakeFiles/cmTC_9016a.dir/CheckSymbolExists.c.o -MF CMakeFiles/cmTC_9016a.dir/CheckSymbolExists.c.o.d -o CMakeFiles/cmTC_9016a.dir/CheckSymbolExists.c.o -c /home/germansuh/DungeonAdventure/android-project/app/.cxx/Debug/6ds4t632/arm64-v8a/CMakeFiles/CMakeTmp/CheckSymbolExists.c
/home/germansuh/DungeonAdventure/android-project/app/.cxx/Debug/6ds4t632/arm64-v8a/CMakeFiles/CMakeTmp/CheckSymbolExists.c:14:19: error: use of undeclared identifier '_i64toa'
  return ((int*)(&_i64toa))[argc];
                  ^
1 error generated.
ninja: build stopped: subcommand failed.


File /home/germansuh/DungeonAdventure/android-project/app/.cxx/Debug/6ds4t632/arm64-v8a/CMakeFiles/CMakeTmp/CheckSymbolExists.c:
/* */
#include <stddef.h>
#include <stdarg.h>
#include <stdlib.h>
#include <string.h>
#include <stdio.h>
#include <wchar.h>
#include <float.h>

int main(int argc, char** argv)
{
  (void)argv;
#ifndef _i64toa
  return ((int*)(&_i64toa))[argc];
#else
  (void)argc;
  return 0;
#endif
}
Determining if the _ui64toa exist failed with the following output:
Change Dir: /home/germansuh/DungeonAdventure/android-project/app/.cxx/Debug/6ds4t632/arm64-v8a/CMakeFiles/CMakeTmp

Run Build Command(s):/home/germansuh/Android/Sdk/cmake/3.22.1/bin/ninja cmTC_c6227 && [1/2] Building C object CMakeFiles/cmTC_c6227.dir/CheckSymbolExists.c.o
FAILED: CMakeFiles/cmTC_c6227.dir/CheckSymbolExists.c.o 
/home/germansuh/Android/Sdk/ndk/25.2.9519653/toolchains/llvm/prebuilt/linux-x86_64/bin/clang --target=aarch64-none-linux-android21 --sysroot=/home/germansuh/Android/Sdk/ndk/25.2.9519653/toolchains/llvm/prebuilt/linux-x86_64/sysroot   -g -DANDROID -fdata-sections -ffunction-sections -funwind-tables -fstack-protector-strong -no-canonical-prefixes -D_FORTIFY_SOURCE=2 -Wformat -Werror=format-security   -D_GNU_SOURCE=1 -fPIE -MD -MT CMakeFiles/cmTC_c6227.dir/CheckSymbolExists.c.o -MF CMakeFiles/cmTC_c6227.dir/CheckSymbolExists.c.o.d -o CMakeFiles/cmTC_c6227.dir/CheckSymbolExists.c.o -c /home/germansuh/DungeonAdventure/android-project/app/.cxx/Debug/6ds4t632/arm64-v8a/CMakeFiles/CMakeTmp/CheckSymbolExists.c
/home/germansuh/DungeonAdventure/android-project/app/.cxx/Debug/6ds4t632/arm64-v8a/CMakeFiles/CMakeTmp/CheckSymbolExists.c:14:19: error: use of undeclared identifier '_ui64toa'
  return ((int*)(&_ui64toa))[argc];
                  ^
1 error generated.
ninja: build stopped: subcommand failed.


File /home/germansuh/DungeonAdventure/android-project/app/.cxx/Debug/6ds4t632/arm64-v8a/CMakeFiles/CMakeTmp/CheckSymbolExists.c:
/* */
#include <stddef.h>
#include <stdarg.h>
#include <stdlib.h>
#include <string.h>
#include <stdio.h>
#include <wchar.h>
#include <float.h>

int main(int argc, char** argv)
{
  (void)argv;
#ifndef _ui64toa
  return ((int*)(&_ui64toa))[argc];
#else
  (void)argc;
  return 0;
#endif
}
Determining if the _stricmp exist failed with the following output:
Change Dir: /home/germansuh/DungeonAdventure/android-project/app/.cxx/Debug/6ds4t632/arm64-v8a/CMakeFiles/CMakeTmp

Run Build Command(s):/home/germansuh/Android/Sdk/cmake/3.22.1/bin/ninja cmTC_818ad && [1/2] Building C object CMakeFiles/cmTC_818ad.dir/CheckSymbolExists.c.o
FAILED: CMakeFiles/cmTC_818ad.dir/CheckSymbolExists.c.o 
/home/germansuh/Android/Sdk/ndk/25.2.9519653/toolchains/llvm/prebuilt/linux-x86_64/bin/clang --target=aarch64-none-linux-android21 --sysroot=/home/germansuh/Android/Sdk/ndk/25.2.9519653/toolchains/llvm/prebuilt/linux-x86_64/sysroot   -g -DANDROID -fdata-sections -ffunction-sections -funwind-tables -fstack-protector-strong -no-canonical-prefixes -D_FORTIFY_SOURCE=2 -Wformat -Werror=format-security   -D_GNU_SOURCE=1 -fPIE -MD -MT CMakeFiles/cmTC_818ad.dir/CheckSymbolExists.c.o -MF CMakeFiles/cmTC_818ad.dir/CheckSymbolExists.c.o.d -o CMakeFiles/cmTC_818ad.dir/CheckSymbolExists.c.o -c /home/germansuh/DungeonAdventure/android-project/app/.cxx/Debug/6ds4t632/arm64-v8a/CMakeFiles/CMakeTmp/CheckSymbolExists.c
/home/germansuh/DungeonAdventure/android-project/app/.cxx/Debug/6ds4t632/arm64-v8a/CMakeFiles/CMakeTmp/CheckSymbolExists.c:14:19: error: use of undeclared identifier '_stricmp'
  return ((int*)(&_stricmp))[argc];
                  ^
1 error generated.
ninja: build stopped: subcommand failed.


File /home/germansuh/DungeonAdventure/android-project/app/.cxx/Debug/6ds4t632/arm64-v8a/CMakeFiles/CMakeTmp/CheckSymbolExists.c:
/* */
#include <stddef.h>
#include <stdarg.h>
#include <stdlib.h>
#include <string.h>
#include <stdio.h>
#include <wchar.h>
#include <float.h>

int main(int argc, char** argv)
{
  (void)argv;
#ifndef _stricmp
  return ((int*)(&_stricmp))[argc];
#else
  (void)argc;
  return 0;
#endif
}
Determining if the _strnicmp exist failed with the following output:
Change Dir: /home/germansuh/DungeonAdventure/android-project/app/.cxx/Debug/6ds4t632/arm64-v8a/CMakeFiles/CMakeTmp

Run Build Command(s):/home/germansuh/Android/Sdk/cmake/3.22.1/bin/ninja cmTC_b31d0 && [1/2] Building C object CMakeFiles/cmTC_b31d0.dir/CheckSymbolExists.c.o
FAILED: CMakeFiles/cmTC_b31d0.dir/CheckSymbolExists.c.o 
/home/germansuh/Android/Sdk/ndk/25.2.9519653/toolchains/llvm/prebuilt/linux-x86_64/bin/clang --target=aarch64-none-linux-android21 --sysroot=/home/germansuh/Android/Sdk/ndk/25.2.9519653/toolchains/llvm/prebuilt/linux-x86_64/sysroot   -g -DANDROID -fdata-sections -ffunction-sections -funwind-tables -fstack-protector-strong -no-canonical-prefixes -D_FORTIFY_SOURCE=2 -Wformat -Werror=format-security   -D_GNU_SOURCE=1 -fPIE -MD -MT CMakeFiles/cmTC_b31d0.dir/CheckSymbolExists.c.o -MF CMakeFiles/cmTC_b31d0.dir/CheckSymbolExists.c.o.d -o CMakeFiles/cmTC_b31d0.dir/CheckSymbolExists.c.o -c /home/germansuh/DungeonAdventure/android-project/app/.cxx/Debug/6ds4t632/arm64-v8a/CMakeFiles/CMakeTmp/CheckSymbolExists.c
/home/germansuh/DungeonAdventure/android-project/app/.cxx/Debug/6ds4t632/arm64-v8a/CMakeFiles/CMakeTmp/CheckSymbolExists.c:14:19: error: use of undeclared identifier '_strnicmp'; did you mean 'strncmp'?
  return ((int*)(&_strnicmp))[argc];
                  ^~~~~~~~~
                  strncmp
/home/germansuh/Android/Sdk/ndk/25.2.9519653/toolchains/llvm/prebuilt/linux-x86_64/sysroot/usr/include/string.h:137:5: note: 'strncmp' declared here
int strncmp(const char* __lhs, const char* __rhs, size_t __n) __attribute_pure__;
    ^
1 error generated.
ninja: build stopped: subcommand failed.


File /home/germansuh/DungeonAdventure/android-project/app/.cxx/Debug/6ds4t632/arm64-v8a/CMakeFiles/CMakeTmp/CheckSymbolExists.c:
/* */
#include <stddef.h>
#include <stdarg.h>
#include <stdlib.h>
#include <string.h>
#include <stdio.h>
#include <wchar.h>
#include <float.h>

int main(int argc, char** argv)
{
  (void)argv;
#ifndef _strnicmp
  return ((int*)(&_strnicmp))[argc];
#else
  (void)argc;
  return 0;
#endif
}
Determining if the _wcsdup exist failed with the following output:
Change Dir: /home/germansuh/DungeonAdventure/android-project/app/.cxx/Debug/6ds4t632/arm64-v8a/CMakeFiles/CMakeTmp

Run Build Command(s):/home/germansuh/Android/Sdk/cmake/3.22.1/bin/ninja cmTC_d6098 && [1/2] Building C object CMakeFiles/cmTC_d6098.dir/CheckSymbolExists.c.o
FAILED: CMakeFiles/cmTC_d6098.dir/CheckSymbolExists.c.o 
/home/germansuh/Android/Sdk/ndk/25.2.9519653/toolchains/llvm/prebuilt/linux-x86_64/bin/clang --target=aarch64-none-linux-android21 --sysroot=/home/germansuh/Android/Sdk/ndk/25.2.9519653/toolchains/llvm/prebuilt/linux-x86_64/sysroot   -g -DANDROID -fdata-sections -ffunction-sections -funwind-tables -fstack-protector-strong -no-canonical-prefixes -D_FORTIFY_SOURCE=2 -Wformat -Werror=format-security   -D_GNU_SOURCE=1 -fPIE -MD -MT CMakeFiles/cmTC_d6098.dir/CheckSymbolExists.c.o -MF CMakeFiles/cmTC_d6098.dir/CheckSymbolExists.c.o.d -o CMakeFiles/cmTC_d6098.dir/CheckSymbolExists.c.o -c /home/germansuh/DungeonAdventure/android-project/app/.cxx/Debug/6ds4t632/arm64-v8a/CMakeFiles/CMakeTmp/CheckSymbolExists.c
/home/germansuh/DungeonAdventure/android-project/app/.cxx/Debug/6ds4t632/arm64-v8a/CMakeFiles/CMakeTmp/CheckSymbolExists.c:14:19: error: use of undeclared identifier '_wcsdup'; did you mean 'wcsdup'?
  return ((int*)(&_wcsdup))[argc];
                  ^~~~~~~
                  wcsdup
/home/germansuh/Android/Sdk/ndk/25.2.9519653/toolchains/llvm/prebuilt/linux-x86_64/sysroot/usr/include/wchar.h:208:10: note: 'wcsdup' declared here
wchar_t* wcsdup(const wchar_t* __s);
         ^
1 error generated.
ninja: build stopped: subcommand failed.


File /home/germansuh/DungeonAdventure/android-project/app/.cxx/Debug/6ds4t632/arm64-v8a/CMakeFiles/CMakeTmp/CheckSymbolExists.c:
/* */
#include <stddef.h>
#include <stdarg.h>
#include <stdlib.h>
#include <string.h>
#include <stdio.h>
#include <wchar.h>
#include <float.h>

int main(int argc, char** argv)
{
  (void)argv;
#ifndef _wcsdup
  return ((int*)(&_wcsdup))[argc];
#else
  (void)argc;
  return 0;
#endif
}
Determining if the _wcsicmp exist failed with the following output:
Change Dir: /home/germansuh/DungeonAdventure/android-project/app/.cxx/Debug/6ds4t632/arm64-v8a/CMakeFiles/CMakeTmp

Run Build Command(s):/home/germansuh/Android/Sdk/cmake/3.22.1/bin/ninja cmTC_988bf && [1/2] Building C object CMakeFiles/cmTC_988bf.dir/CheckSymbolExists.c.o
FAILED: CMakeFiles/cmTC_988bf.dir/CheckSymbolExists.c.o 
/home/germansuh/Android/Sdk/ndk/25.2.9519653/toolchains/llvm/prebuilt/linux-x86_64/bin/clang --target=aarch64-none-linux-android21 --sysroot=/home/germansuh/Android/Sdk/ndk/25.2.9519653/toolchains/llvm/prebuilt/linux-x86_64/sysroot   -g -DANDROID -fdata-sections -ffunction-sections -funwind-tables -fstack-protector-strong -no-canonical-prefixes -D_FORTIFY_SOURCE=2 -Wformat -Werror=format-security   -D_GNU_SOURCE=1 -fPIE -MD -MT CMakeFiles/cmTC_988bf.dir/CheckSymbolExists.c.o -MF CMakeFiles/cmTC_988bf.dir/CheckSymbolExists.c.o.d -o CMakeFiles/cmTC_988bf.dir/CheckSymbolExists.c.o -c /home/germansuh/DungeonAdventure/android-project/app/.cxx/Debug/6ds4t632/arm64-v8a/CMakeFiles/CMakeTmp/CheckSymbolExists.c
/home/germansuh/DungeonAdventure/android-project/app/.cxx/Debug/6ds4t632/arm64-v8a/CMakeFiles/CMakeTmp/CheckSymbolExists.c:14:19: error: use of undeclared identifier '_wcsicmp'
  return ((int*)(&_wcsicmp))[argc];
                  ^
1 error generated.
ninja: build stopped: subcommand failed.


File /home/germansuh/DungeonAdventure/android-project/app/.cxx/Debug/6ds4t632/arm64-v8a/CMakeFiles/CMakeTmp/CheckSymbolExists.c:
/* */
#include <stddef.h>
#include <stdarg.h>
#include <stdlib.h>
#include <string.h>
#include <stdio.h>
#include <wchar.h>
#include <float.h>

int main(int argc, char** argv)
{
  (void)argv;
#ifndef _wcsicmp
  return ((int*)(&_wcsicmp))[argc];
#else
  (void)argc;
  return 0;
#endif
}
Determining if the _wcsnicmp exist failed with the following output:
Change Dir: /home/germansuh/DungeonAdventure/android-project/app/.cxx/Debug/6ds4t632/arm64-v8a/CMakeFiles/CMakeTmp

Run Build Command(s):/home/germansuh/Android/Sdk/cmake/3.22.1/bin/ninja cmTC_f8765 && [1/2] Building C object CMakeFiles/cmTC_f8765.dir/CheckSymbolExists.c.o
FAILED: CMakeFiles/cmTC_f8765.dir/CheckSymbolExists.c.o 
/home/germansuh/Android/Sdk/ndk/25.2.9519653/toolchains/llvm/prebuilt/linux-x86_64/bin/clang --target=aarch64-none-linux-android21 --sysroot=/home/germansuh/Android/Sdk/ndk/25.2.9519653/toolchains/llvm/prebuilt/linux-x86_64/sysroot   -g -DANDROID -fdata-sections -ffunction-sections -funwind-tables -fstack-protector-strong -no-canonical-prefixes -D_FORTIFY_SOURCE=2 -Wformat -Werror=format-security   -D_GNU_SOURCE=1 -fPIE -MD -MT CMakeFiles/cmTC_f8765.dir/CheckSymbolExists.c.o -MF CMakeFiles/cmTC_f8765.dir/CheckSymbolExists.c.o.d -o CMakeFiles/cmTC_f8765.dir/CheckSymbolExists.c.o -c /home/germansuh/DungeonAdventure/android-project/app/.cxx/Debug/6ds4t632/arm64-v8a/CMakeFiles/CMakeTmp/CheckSymbolExists.c
/home/germansuh/DungeonAdventure/android-project/app/.cxx/Debug/6ds4t632/arm64-v8a/CMakeFiles/CMakeTmp/CheckSymbolExists.c:14:19: error: use of undeclared identifier '_wcsnicmp'; did you mean 'wcsncmp'?
  return ((int*)(&_wcsnicmp))[argc];
                  ^~~~~~~~~
                  wcsncmp
/home/germansuh/Android/Sdk/ndk/25.2.9519653/toolchains/llvm/prebuilt/linux-x86_64/sysroot/usr/include/wchar.h:117:5: note: 'wcsncmp' declared here
int wcsncmp(const wchar_t* __lhs, const wchar_t* __rhs, size_t __n);
    ^
1 error generated.
ninja: build stopped: subcommand failed.


File /home/germansuh/DungeonAdventure/android-project/app/.cxx/Debug/6ds4t632/arm64-v8a/CMakeFiles/CMakeTmp/CheckSymbolExists.c:
/* */
#include <stddef.h>
#include <stdarg.h>
#include <stdlib.h>
#include <string.h>
#include <stdio.h>
#include <wchar.h>
#include <float.h>

int main(int argc, char** argv)
{
  (void)argv;
#ifndef _wcsnicmp
  return ((int*)(&_wcsnicmp))[argc];
#else
  (void)argc;
  return 0;
#endif
}
Determining if the fopen64 exist failed with the following output:
Change Dir: /home/germansuh/DungeonAdventure/android-project/app/.cxx/Debug/6ds4t632/arm64-v8a/CMakeFiles/CMakeTmp

Run Build Command(s):/home/germansuh/Android/Sdk/cmake/3.22.1/bin/ninja cmTC_49895 && [1/2] Building C object CMakeFiles/cmTC_49895.dir/CheckSymbolExists.c.o
FAILED: CMakeFiles/cmTC_49895.dir/CheckSymbolExists.c.o 
/home/germansuh/Android/Sdk/ndk/25.2.9519653/toolchains/llvm/prebuilt/linux-x86_64/bin/clang --target=aarch64-none-linux-android21 --sysroot=/home/germansuh/Android/Sdk/ndk/25.2.9519653/toolchains/llvm/prebuilt/linux-x86_64/sysroot   -g -DANDROID -fdata-sections -ffunction-sections -funwind-tables -fstack-protector-strong -no-canonical-prefixes -D_FORTIFY_SOURCE=2 -Wformat -Werror=format-security   -D_GNU_SOURCE=1 -fPIE -MD -MT CMakeFiles/cmTC_49895.dir/CheckSymbolExists.c.o -MF CMakeFiles/cmTC_49895.dir/CheckSymbolExists.c.o.d -o CMakeFiles/cmTC_49895.dir/CheckSymbolExists.c.o -c /home/germansuh/DungeonAdventure/android-project/app/.cxx/Debug/6ds4t632/arm64-v8a/CMakeFiles/CMakeTmp/CheckSymbolExists.c
/home/germansuh/DungeonAdventure/android-project/app/.cxx/Debug/6ds4t632/arm64-v8a/CMakeFiles/CMakeTmp/CheckSymbolExists.c:14:19: error: use of undeclared identifier 'fopen64'; did you mean 'fopen'?
  return ((int*)(&fopen64))[argc];
                  ^~~~~~~
                  fopen
/home/germansuh/Android/Sdk/ndk/25.2.9519653/toolchains/llvm/prebuilt/linux-x86_64/sysroot/usr/include/stdio.h:280:7: note: 'fopen' declared here
FILE* fopen(const char* __path, const char* __mode);
      ^
1 error generated.
ninja: build stopped: subcommand failed.


File /home/germansuh/DungeonAdventure/android-project/app/.cxx/Debug/6ds4t632/arm64-v8a/CMakeFiles/CMakeTmp/CheckSymbolExists.c:
/* */
#include <stddef.h>
#include <stdarg.h>
#include <stdlib.h>
#include <string.h>
#include <stdio.h>
#include <wchar.h>
#include <float.h>

int main(int argc, char** argv)
{
  (void)argv;
#ifndef fopen64
  return ((int*)(&fopen64))[argc];
#else
  (void)argc;
  return 0;
#endif
}
Determining if the fseeko64 exist failed with the following output:
Change Dir: /home/germansuh/DungeonAdventure/android-project/app/.cxx/Debug/6ds4t632/arm64-v8a/CMakeFiles/CMakeTmp

Run Build Command(s):/home/germansuh/Android/Sdk/cmake/3.22.1/bin/ninja cmTC_435ad && [1/2] Building C object CMakeFiles/cmTC_435ad.dir/CheckSymbolExists.c.o
FAILED: CMakeFiles/cmTC_435ad.dir/CheckSymbolExists.c.o 
/home/germansuh/Android/Sdk/ndk/25.2.9519653/toolchains/llvm/prebuilt/linux-x86_64/bin/clang --target=aarch64-none-linux-android21 --sysroot=/home/germansuh/Android/Sdk/ndk/25.2.9519653/toolchains/llvm/prebuilt/linux-x86_64/sysroot   -g -DANDROID -fdata-sections -ffunction-sections -funwind-tables -fstack-protector-strong -no-canonical-prefixes -D_FORTIFY_SOURCE=2 -Wformat -Werror=format-security   -D_GNU_SOURCE=1 -fPIE -MD -MT CMakeFiles/cmTC_435ad.dir/CheckSymbolExists.c.o -MF CMakeFiles/cmTC_435ad.dir/CheckSymbolExists.c.o.d -o CMakeFiles/cmTC_435ad.dir/CheckSymbolExists.c.o -c /home/germansuh/DungeonAdventure/android-project/app/.cxx/Debug/6ds4t632/arm64-v8a/CMakeFiles/CMakeTmp/CheckSymbolExists.c
/home/germansuh/DungeonAdventure/android-project/app/.cxx/Debug/6ds4t632/arm64-v8a/CMakeFiles/CMakeTmp/CheckSymbolExists.c:14:19: error: use of undeclared identifier 'fseeko64'; did you mean 'fseeko'?
  return ((int*)(&fseeko64))[argc];
                  ^~~~~~~~
                  fseeko
/home/germansuh/Android/Sdk/ndk/25.2.9519653/toolchains/llvm/prebuilt/linux-x86_64/sysroot/usr/include/stdio.h:250:5: note: 'fseeko' declared here
int fseeko(FILE* __fp, off_t __offset, int __whence);
    ^
1 error generated.
ninja: build stopped: subcommand failed.


File /home/germansuh/DungeonAdventure/android-project/app/.cxx/Debug/6ds4t632/arm64-v8a/CMakeFiles/CMakeTmp/CheckSymbolExists.c:
/* */
#include <stddef.h>
#include <stdarg.h>
#include <stdlib.h>
#include <string.h>
#include <stdio.h>
#include <wchar.h>
#include <float.h>

int main(int argc, char** argv)
{
  (void)argv;
#ifndef fseeko64
  return ((int*)(&fseeko64))[argc];
#else
  (void)argc;
  return 0;
#endif
}
Determining if the sysctlbyname exist failed with the following output:
Change Dir: /home/germansuh/DungeonAdventure/android-project/app/.cxx/Debug/6ds4t632/arm64-v8a/CMakeFiles/CMakeTmp

Run Build Command(s):/home/germansuh/Android/Sdk/cmake/3.22.1/bin/ninja cmTC_9f073 && [1/2] Building C object CMakeFiles/cmTC_9f073.dir/CheckSymbolExists.c.o
FAILED: CMakeFiles/cmTC_9f073.dir/CheckSymbolExists.c.o 
/home/germansuh/Android/Sdk/ndk/25.2.9519653/toolchains/llvm/prebuilt/linux-x86_64/bin/clang --target=aarch64-none-linux-android21 --sysroot=/home/germansuh/Android/Sdk/ndk/25.2.9519653/toolchains/llvm/prebuilt/linux-x86_64/sysroot   -g -DANDROID -fdata-sections -ffunction-sections -funwind-tables -fstack-protector-strong -no-canonical-prefixes -D_FORTIFY_SOURCE=2 -Wformat -Werror=format-security   -D_GNU_SOURCE=1 -fPIE -MD -MT CMakeFiles/cmTC_9f073.dir/CheckSymbolExists.c.o -MF CMakeFiles/cmTC_9f073.dir/CheckSymbolExists.c.o.d -o CMakeFiles/cmTC_9f073.dir/CheckSymbolExists.c.o -c /home/germansuh/DungeonAdventure/android-project/app/.cxx/Debug/6ds4t632/arm64-v8a/CMakeFiles/CMakeTmp/CheckSymbolExists.c
/home/germansuh/DungeonAdventure/android-project/app/.cxx/Debug/6ds4t632/arm64-v8a/CMakeFiles/CMakeTmp/CheckSymbolExists.c:3:10: fatal error: 'sys/sysctl.h' file not found
#include <sys/sysctl.h>
         ^~~~~~~~~~~~~~
1 error generated.
ninja: build stopped: subcommand failed.


File /home/germansuh/DungeonAdventure/android-project/app/.cxx/Debug/6ds4t632/arm64-v8a/CMakeFiles/CMakeTmp/CheckSymbolExists.c:
/* */
#include <sys/types.h>
#include <sys/sysctl.h>

int main(int argc, char** argv)
{
  (void)argv;
#ifndef sysctlbyname
  return ((int*)(&sysctlbyname))[argc];
#else
  (void)argc;
  return 0;
#endif
}
Determining if the elf_aux_info exist failed with the following output:
Change Dir: /home/germansuh/DungeonAdventure/android-project/app/.cxx/Debug/6ds4t632/arm64-v8a/CMakeFiles/CMakeTmp

Run Build Command(s):/home/germansuh/Android/Sdk/cmake/3.22.1/bin/ninja cmTC_f4fd3 && [1/2] Building C object CMakeFiles/cmTC_f4fd3.dir/CheckSymbolExists.c.o
FAILED: CMakeFiles/cmTC_f4fd3.dir/CheckSymbolExists.c.o 
/home/germansuh/Android/Sdk/ndk/25.2.9519653/toolchains/llvm/prebuilt/linux-x86_64/bin/clang --target=aarch64-none-linux-android21 --sysroot=/home/germansuh/Android/Sdk/ndk/25.2.9519653/toolchains/llvm/prebuilt/linux-x86_64/sysroot   -g -DANDROID -fdata-sections -ffunction-sections -funwind-tables -fstack-protector-strong -no-canonical-prefixes -D_FORTIFY_SOURCE=2 -Wformat -Werror=format-security   -D_GNU_SOURCE=1 -fPIE -MD -MT CMakeFiles/cmTC_f4fd3.dir/CheckSymbolExists.c.o -MF CMakeFiles/cmTC_f4fd3.dir/CheckSymbolExists.c.o.d -o CMakeFiles/cmTC_f4fd3.dir/CheckSymbolExists.c.o -c /home/germansuh/DungeonAdventure/android-project/app/.cxx/Debug/6ds4t632/arm64-v8a/CMakeFiles/CMakeTmp/CheckSymbolExists.c
/home/germansuh/DungeonAdventure/android-project/app/.cxx/Debug/6ds4t632/arm64-v8a/CMakeFiles/CMakeTmp/CheckSymbolExists.c:8:19: error: use of undeclared identifier 'elf_aux_info'
  return ((int*)(&elf_aux_info))[argc];
                  ^
1 error generated.
ninja: build stopped: subcommand failed.


File /home/germansuh/DungeonAdventure/android-project/app/.cxx/Debug/6ds4t632/arm64-v8a/CMakeFiles/CMakeTmp/CheckSymbolExists.c:
/* */
#include <sys/auxv.h>

int main(int argc, char** argv)
{
  (void)argv;
#ifndef elf_aux_info
  return ((int*)(&elf_aux_info))[argc];
#else
  (void)argc;
  return 0;
#endif
}
Determining if the function iconv_open exists in the iconv failed with the following output:
Change Dir: /home/germansuh/DungeonAdventure/android-project/app/.cxx/Debug/6ds4t632/arm64-v8a/CMakeFiles/CMakeTmp

Run Build Command(s):/home/germansuh/Android/Sdk/cmake/3.22.1/bin/ninja cmTC_76dfd && [1/2] Building C object CMakeFiles/cmTC_76dfd.dir/CheckFunctionExists.c.o
[2/2] Linking C executable cmTC_76dfd
FAILED: cmTC_76dfd 
: && /home/germansuh/Android/Sdk/ndk/25.2.9519653/toolchains/llvm/prebuilt/linux-x86_64/bin/clang --target=aarch64-none-linux-android21 --sysroot=/home/germansuh/Android/Sdk/ndk/25.2.9519653/toolchains/llvm/prebuilt/linux-x86_64/sysroot -g -DANDROID -fdata-sections -ffunction-sections -funwind-tables -fstack-protector-strong -no-canonical-prefixes -D_FORTIFY_SOURCE=2 -Wformat -Werror=format-security  -DCHECK_FUNCTION_EXISTS=iconv_open  -D_GNU_SOURCE=1 -Wl,--build-id=sha1 -Wl,--no-rosegment -Wl,--fatal-warnings -Wl,--no-undefined -Qunused-arguments CMakeFiles/cmTC_76dfd.dir/CheckFunctionExists.c.o -o cmTC_76dfd  -liconv  -latomic -lm && :
ld: error: unable to find library -liconv
clang: error: linker command failed with exit code 1 (use -v to see invocation)
ninja: build stopped: subcommand failed.



Determining if the function iconv_open exists in the c failed with the following output:
Change Dir: /home/germansuh/DungeonAdventure/android-project/app/.cxx/Debug/6ds4t632/arm64-v8a/CMakeFiles/CMakeTmp

Run Build Command(s):/home/germansuh/Android/Sdk/cmake/3.22.1/bin/ninja cmTC_1906f && [1/2] Building C object CMakeFiles/cmTC_1906f.dir/CheckFunctionExists.c.o
[2/2] Linking C executable cmTC_1906f
FAILED: cmTC_1906f 
: && /home/germansuh/Android/Sdk/ndk/25.2.9519653/toolchains/llvm/prebuilt/linux-x86_64/bin/clang --target=aarch64-none-linux-android21 --sysroot=/home/germansuh/Android/Sdk/ndk/25.2.9519653/toolchains/llvm/prebuilt/linux-x86_64/sysroot -g -DANDROID -fdata-sections -ffunction-sections -funwind-tables -fstack-protector-strong -no-canonical-prefixes -D_FORTIFY_SOURCE=2 -Wformat -Werror=format-security  -DCHECK_FUNCTION_EXISTS=iconv_open  -D_GNU_SOURCE=1 -Wl,--build-id=sha1 -Wl,--no-rosegment -Wl,--fatal-warnings -Wl,--no-undefined -Qunused-arguments CMakeFiles/cmTC_1906f.dir/CheckFunctionExists.c.o -o cmTC_1906f  -lc  -latomic -lm && :
ld: error: undefined symbol: iconv_open
>>> referenced by CheckFunctionExists.c:17 (/home/germansuh/Android/Sdk/cmake/3.22.1/share/cmake-3.22/Modules/CheckFunctionExists.c:17)
>>>               CMakeFiles/cmTC_1906f.dir/CheckFunctionExists.c.o:(main)
clang: error: linker command failed with exit code 1 (use -v to see invocation)
ninja: build stopped: subcommand failed.



Determining if the alloca exist failed with the following output:
Change Dir: /home/germansuh/DungeonAdventure/android-project/app/.cxx/Debug/6ds4t632/arm64-v8a/CMakeFiles/CMakeTmp

Run Build Command(s):/home/germansuh/Android/Sdk/cmake/3.22.1/bin/ninja cmTC_facc3 && [1/2] Building C object CMakeFiles/cmTC_facc3.dir/CheckSymbolExists.c.o
/home/germansuh/DungeonAdventure/android-project/app/.cxx/Debug/6ds4t632/arm64-v8a/CMakeFiles/CMakeTmp/CheckSymbolExists.c:8:19: warning: implicitly declaring library function 'alloca' with type 'void *(unsigned long)' [-Wimplicit-function-declaration]
  return ((int*)(&alloca))[argc];
                  ^
/home/germansuh/DungeonAdventure/android-project/app/.cxx/Debug/6ds4t632/arm64-v8a/CMakeFiles/CMakeTmp/CheckSymbolExists.c:8:19: note: include the header <stdlib.h> or explicitly provide a declaration for 'alloca'
1 warning generated.
[2/2] Linking C executable cmTC_facc3
FAILED: cmTC_facc3 
: && /home/germansuh/Android/Sdk/ndk/25.2.9519653/toolchains/llvm/prebuilt/linux-x86_64/bin/clang --target=aarch64-none-linux-android21 --sysroot=/home/germansuh/Android/Sdk/ndk/25.2.9519653/toolchains/llvm/prebuilt/linux-x86_64/sysroot -g -DANDROID -fdata-sections -ffunction-sections -funwind-tables -fstack-protector-strong -no-canonical-prefixes -D_FORTIFY_SOURCE=2 -Wformat -Werror=format-security   -D_GNU_SOURCE=1 -Wl,--build-id=sha1 -Wl,--no-rosegment -Wl,--fatal-warnings -Wl,--no-undefined -Qunused-arguments CMakeFiles/cmTC_facc3.dir/CheckSymbolExists.c.o -o cmTC_facc3  -latomic -lm && :
ld: error: undefined symbol: alloca
>>> referenced by CheckSymbolExists.c:0
>>>               CMakeFiles/cmTC_facc3.dir/CheckSymbolExists.c.o:(main)
>>> referenced by CheckSymbolExists.c:0
>>>               CMakeFiles/cmTC_facc3.dir/CheckSymbolExists.c.o:(main)
clang: error: linker command failed with exit code 1 (use -v to see invocation)
ninja: build stopped: subcommand failed.


File /home/germansuh/DungeonAdventure/android-project/app/.cxx/Debug/6ds4t632/arm64-v8a/CMakeFiles/CMakeTmp/CheckSymbolExists.c:
/* */
#include <malloc.h>

int main(int argc, char** argv)
{
  (void)argv;
#ifndef alloca
  return ((int*)(&alloca))[argc];
#else
  (void)argc;
  return 0;
#endif
}
Performing C SOURCE FILE Test HAVE_ARM_MODE failed with the following output:
Change Dir: /home/germansuh/DungeonAdventure/android-project/app/.cxx/Debug/6ds4t632/arm64-v8a/CMakeFiles/CMakeTmp

Run Build Command(s):/home/germansuh/Android/Sdk/cmake/3.22.1/bin/ninja cmTC_9a42a && [1/2] Building C object CMakeFiles/cmTC_9a42a.dir/src.c.o
FAILED: CMakeFiles/cmTC_9a42a.dir/src.c.o 
/home/germansuh/Android/Sdk/ndk/25.2.9519653/toolchains/llvm/prebuilt/linux-x86_64/bin/clang --target=aarch64-none-linux-android21 --sysroot=/home/germansuh/Android/Sdk/ndk/25.2.9519653/toolchains/llvm/prebuilt/linux-x86_64/sysroot -DHAVE_ARM_MODE  -g -DANDROID -fdata-sections -ffunction-sections -funwind-tables -fstack-protector-strong -no-canonical-prefixes -D_FORTIFY_SOURCE=2 -Wformat -Werror=format-security   -D_GNU_SOURCE=1 -Werror=unused-command-line-argument -fPIE   -marm -MD -MT CMakeFiles/cmTC_9a42a.dir/src.c.o -MF CMakeFiles/cmTC_9a42a.dir/src.c.o.d -o CMakeFiles/cmTC_9a42a.dir/src.c.o -c /home/germansuh/DungeonAdventure/android-project/app/.cxx/Debug/6ds4t632/arm64-v8a/CMakeFiles/CMakeTmp/src.c
clang: error: argument unused during compilation: '-marm' [-Werror,-Wunused-command-line-argument]
ninja: build stopped: subcommand failed.


Source file was:
int main(void) { return 0; }
Determining if the include file pthread_np.h exists failed with the following output:
Change Dir: /home/germansuh/DungeonAdventure/android-project/app/.cxx/Debug/6ds4t632/arm64-v8a/CMakeFiles/CMakeTmp

Run Build Command(s):/home/germansuh/Android/Sdk/cmake/3.22.1/bin/ninja cmTC_3da9a && [1/2] Building C object CMakeFiles/cmTC_3da9a.dir/CheckIncludeFile.c.o
FAILED: CMakeFiles/cmTC_3da9a.dir/CheckIncludeFile.c.o 
/home/germansuh/Android/Sdk/ndk/25.2.9519653/toolchains/llvm/prebuilt/linux-x86_64/bin/clang --target=aarch64-none-linux-android21 --sysroot=/home/germansuh/Android/Sdk/ndk/25.2.9519653/toolchains/llvm/prebuilt/linux-x86_64/sysroot   -g -DANDROID -fdata-sections -ffunction-sections -funwind-tables -fstack-protector-strong -no-canonical-prefixes -D_FORTIFY_SOURCE=2 -Wformat -Werror=format-security   -D_GNU_SOURCE=1 -fPIE -MD -MT CMakeFiles/cmTC_3da9a.dir/CheckIncludeFile.c.o -MF CMakeFiles/cmTC_3da9a.dir/CheckIncludeFile.c.o.d -o CMakeFiles/cmTC_3da9a.dir/CheckIncludeFile.c.o -c /home/germansuh/DungeonAdventure/android-project/app/.cxx/Debug/6ds4t632/arm64-v8a/CMakeFiles/CMakeTmp/CheckIncludeFile.c
/home/germansuh/DungeonAdventure/android-project/app/.cxx/Debug/6ds4t632/arm64-v8a/CMakeFiles/CMakeTmp/CheckIncludeFile.c:1:10: fatal error: 'pthread_np.h' file not found
#include <pthread_np.h>
         ^~~~~~~~~~~~~~
1 error generated.
ninja: build stopped: subcommand failed.



